#
# A fatal error has been detected by the Java Runtime Environment:
#
#  SIGSEGV (0xb) at pc=0x00007f3c6b0db813, pid=441, tid=0x00007f3c6b3dd700
#
# JRE version: OpenJDK Runtime Environment (8.0_111-b15) (build 1.8.0_111-b15)
# Java VM: OpenJDK 64-Bit Server VM (25.111-b15 mixed mode linux-amd64 compressed oops)
# Problematic frame:
# C  [libdecrypt.so+0x813]  decrypt+0x17
#
# Failed to write core dump. Core dumps have been disabled. To enable core dumping, try "ulimit -c unlimited" before starting Java again
#
# If you would like to submit a bug report, please visit:
#   http://bugreport.java.com/bugreport/crash.jsp
# The crash happened outside the Java Virtual Machine in native code.
# See problematic frame for where to report the bug.
#

---------------  T H R E A D  ---------------

Current thread (0x00007f3c14102000):  JavaThread "Thread-1" [_thread_in_native, id=486, stack(0x00007f3c6b2dd000,0x00007f3c6b3de000)]

siginfo: si_signo: 11 (SIGSEGV), si_code: 1 (SEGV_MAPERR), si_addr: 0x0000000000000000

Registers:
RAX=0x0000000000000000, RBX=0x00007f3c7a431c78, RCX=0x0000000000000000, RDX=0x00007f3c08000cf0
RSP=0x00007f3c6b3dc950, RBP=0x00007f3c6b3dc950, RSI=0x00007f3c08000cf0, RDI=0x0000000000000000
R8 =0x000000000000003d, R9 =0x000000000000002c, R10=0x00007f3c6b3dc6e0, R11=0x00007f3c6b0db7fc
R12=0x0000000000000000, R13=0x00007f3c7a431c78, R14=0x00007f3c6b3dca60, R15=0x00007f3c14102000
RIP=0x00007f3c6b0db813, EFLAGS=0x0000000000010202, CSGSFS=0x0000000000000033, ERR=0x0000000000000004
  TRAPNO=0x000000000000000e

Top of Stack: (sp=0x00007f3c6b3dc950)
0x00007f3c6b3dc950:   00007f3c6b3dc9b0 00007f3c6b0db7f6
0x00007f3c6b3dc960:   00007f3c7a431c78 0000001614102000
0x00007f3c6b3dc970:   00007f3c6b3dca50 00007f3c6b3dca58
0x00007f3c6b3dc980:   00007f3c6b3dca60 00007f3c141021e0
0x00007f3c6b3dc990:   0000000000000000 00007f3c08000cf0
0x00007f3c6b3dc9a0:   0000000000000000 000000167c7c75f2
0x00007f3c6b3dc9b0:   00007f3c6b3dca28 00007f3c7c7c7754
0x00007f3c6b3dc9c0:   0000000000000000 00007f3c7a431c78
0x00007f3c6b3dc9d0:   00007f3c6b3dca28 00007f3c7c7c74e7
0x00007f3c6b3dc9e0:   00007f3c7c7c74a2 00007f3c6b3dc9e8
0x00007f3c6b3dc9f0:   00007f3c7a431c78 00007f3c6b3dca60
0x00007f3c6b3dca00:   00007f3c7a431ce0 0000000000000000
0x00007f3c6b3dca10:   00007f3c7a431c78 0000000000000000
0x00007f3c6b3dca20:   00007f3c6b3dca48 00007f3c6b3dcab0
0x00007f3c6b3dca30:   00007f3c7c7b7d80 0000000000000000
0x00007f3c6b3dca40:   00007f3c7c7c127b 0000000000000016
0x00007f3c6b3dca50:   000000076d73d0e0 000000076d735658
0x00007f3c6b3dca60:   000000076d73fd68 000000076d73fd68
0x00007f3c6b3dca70:   00007f3c6b3dca70 00007f3c7a431ba3
0x00007f3c6b3dca80:   00007f3c6b3dcac8 00007f3c7a431ce0
0x00007f3c6b3dca90:   0000000000000000 00007f3c7a431bd8
0x00007f3c6b3dcaa0:   00007f3c6b3dca48 00007f3c6b3dcac8
0x00007f3c6b3dcab0:   00007f3c6b3dcb30 00007f3c7c7b04e7
0x00007f3c6b3dcac0:   0000000000000000 000000076d73fd68
0x00007f3c6b3dcad0:   00007f3c00001fa0 00007f3c6b3dcb90
0x00007f3c6b3dcae0:   00007f3c6b3dcbd0 00007f3c7a431bd8
0x00007f3c6b3dcaf0:   00007f3c14102000 00007f3c14102000
0x00007f3c6b3dcb00:   00007f3c6b3dcbd0 00007f3c6b3dcdc8
0x00007f3c6b3dcb10:   00007f3c0000000a 00007f3c7a431bd8
0x00007f3c6b3dcb20:   00007f3c7c7c29c0 00007f3c6b3dcd38
0x00007f3c6b3dcb30:   00007f3c6b3dcc50 00007f3c90fdbcba
0x00007f3c6b3dcb40:   00007f3c00000001 00007f3c14102000 

Instructions: (pc=0x00007f3c6b0db813)
0x00007f3c6b0db7f3:   fe ff ff 48 8b 45 e0 c9 c3 55 48 89 e5 48 89 7d
0x00007f3c6b0db803:   d8 48 89 75 d0 c7 45 fc 20 00 00 00 48 8b 45 d8
0x00007f3c6b0db813:   8b 00 89 45 f4 48 8b 45 d8 48 83 c0 04 8b 00 89
0x00007f3c6b0db823:   45 f0 c7 45 ec b9 79 37 9e 8b 45 ec c1 e0 05 89 

Register to memory mapping:

RAX=0x0000000000000000 is an unknown value
RBX={method} {0x00007f3c7a431c78} 'decrypt' '(Ljava/lang/String;[BI)[B' in 'MyDecrypt'
RCX=0x0000000000000000 is an unknown value
RDX=0x00007f3c08000cf0 is an unknown value
RSP=0x00007f3c6b3dc950 is pointing into the stack for thread: 0x00007f3c14102000
RBP=0x00007f3c6b3dc950 is pointing into the stack for thread: 0x00007f3c14102000
RSI=0x00007f3c08000cf0 is an unknown value
RDI=0x0000000000000000 is an unknown value
R8 =0x000000000000003d is an unknown value
R9 =0x000000000000002c is an unknown value
R10=0x00007f3c6b3dc6e0 is pointing into the stack for thread: 0x00007f3c14102000
R11=0x00007f3c6b0db7fc: decrypt+0 in /afs/ualberta.ca/home/k/w/kwong4/ECE422/Project2/libdecrypt.so at 0x00007f3c6b0db000
R12=0x0000000000000000 is an unknown value
R13={method} {0x00007f3c7a431c78} 'decrypt' '(Ljava/lang/String;[BI)[B' in 'MyDecrypt'
R14=0x00007f3c6b3dca60 is pointing into the stack for thread: 0x00007f3c14102000
R15=0x00007f3c14102000 is a thread


Stack: [0x00007f3c6b2dd000,0x00007f3c6b3de000],  sp=0x00007f3c6b3dc950,  free space=1022k
Native frames: (J=compiled Java code, j=interpreted, Vv=VM code, C=native code)
C  [libdecrypt.so+0x813]  decrypt+0x17
C  [libdecrypt.so+0x7f6]  Java_MyDecrypt_decrypt+0xae
j  MyDecrypt.decrypt(Ljava/lang/String;[BI)[B+0
j  MyDecrypt.run()V+19
v  ~StubRoutines::call_stub
V  [libjvm.so+0x640cba]
V  [libjvm.so+0x63e174]
V  [libjvm.so+0x63e789]
V  [libjvm.so+0x681d21]
V  [libjvm.so+0x9bdec2]
V  [libjvm.so+0x871082]
C  [libpthread.so.0+0x7dc5]  start_thread+0xc5

Java frames: (J=compiled Java code, j=interpreted, Vv=VM code)
j  MyDecrypt.decrypt(Ljava/lang/String;[BI)[B+0
j  MyDecrypt.run()V+19
v  ~StubRoutines::call_stub

---------------  P R O C E S S  ---------------

Java Threads: ( => current thread )
=>0x00007f3c14102000 JavaThread "Thread-1" [_thread_in_native, id=486, stack(0x00007f3c6b2dd000,0x00007f3c6b3de000)]
  0x00007f3c8c115800 JavaThread "Thread-0" [_thread_blocked, id=484, stack(0x00007f3c6b3de000,0x00007f3c6b4df000)]
  0x00007f3c8c0eb000 JavaThread "Service Thread" daemon [_thread_blocked, id=462, stack(0x00007f3c6b7f8000,0x00007f3c6b8f9000)]
  0x00007f3c8c0d8000 JavaThread "C1 CompilerThread3" daemon [_thread_blocked, id=461, stack(0x00007f3c6b8f9000,0x00007f3c6b9fa000)]
  0x00007f3c8c0d6000 JavaThread "C2 CompilerThread2" daemon [_thread_blocked, id=460, stack(0x00007f3c6b9fa000,0x00007f3c6bafb000)]
  0x00007f3c8c0d4000 JavaThread "C2 CompilerThread1" daemon [_thread_blocked, id=459, stack(0x00007f3c6bafb000,0x00007f3c6bbfc000)]
  0x00007f3c8c0c7000 JavaThread "C2 CompilerThread0" daemon [_thread_blocked, id=458, stack(0x00007f3c6bbfc000,0x00007f3c6bcfd000)]
  0x00007f3c8c0c4800 JavaThread "Signal Dispatcher" daemon [_thread_blocked, id=457, stack(0x00007f3c6bcfd000,0x00007f3c6bdfe000)]
  0x00007f3c8c09a800 JavaThread "Finalizer" daemon [_thread_blocked, id=456, stack(0x00007f3c6bdfe000,0x00007f3c6beff000)]
  0x00007f3c8c096000 JavaThread "Reference Handler" daemon [_thread_blocked, id=455, stack(0x00007f3c6beff000,0x00007f3c6c000000)]
  0x00007f3c8c008000 JavaThread "main" [_thread_in_native, id=442, stack(0x00007f3c925ac000,0x00007f3c926ad000)]

Other Threads:
  0x00007f3c8c08c000 VMThread [stack: 0x00007f3c7807b000,0x00007f3c7817c000] [id=454]
  0x00007f3c8c0fa000 WatcherThread [stack: 0x00007f3c6b6f7000,0x00007f3c6b7f8000] [id=463]

VM state:not at safepoint (normal execution)

VM Mutex/Monitor currently owned by a thread: None

Heap:
 PSYoungGen      total 74752K, used 7747K [0x000000076d200000, 0x0000000772500000, 0x00000007c0000000)
  eden space 64512K, 12% used [0x000000076d200000,0x000000076d990c98,0x0000000771100000)
  from space 10240K, 0% used [0x0000000771b00000,0x0000000771b00000,0x0000000772500000)
  to   space 10240K, 0% used [0x0000000771100000,0x0000000771100000,0x0000000771b00000)
 ParOldGen       total 171008K, used 0K [0x00000006c7600000, 0x00000006d1d00000, 0x000000076d200000)
  object space 171008K, 0% used [0x00000006c7600000,0x00000006c7600000,0x00000006d1d00000)
 Metaspace       used 5740K, capacity 5876K, committed 6016K, reserved 1056768K
  class space    used 578K, capacity 636K, committed 640K, reserved 1048576K

Card table byte_map: [0x00007f3c7bc2a000,0x00007f3c7c3f0000] byte_map_base: 0x00007f3c785ef000

Marking Bits: (ParMarkBitMap*) 0x00007f3c91887320
 Begin Bits: [0x00007f3c403b0000, 0x00007f3c441d8000)
 End Bits:   [0x00007f3c441d8000, 0x00007f3c48000000)

Polling page: 0x00007f3c926ca000

CodeCache: size=245760Kb used=1666Kb max_used=1666Kb free=244093Kb
 bounds [0x00007f3c7c7b0000, 0x00007f3c7ca20000, 0x00007f3c8b7b0000]
 total_blobs=581 nmethods=298 adapters=198
 compilation: enabled

Compilation events (10 events):
Event: 1.074 Thread 0x00007f3c8c0d8000  292       3       java.math.BigInteger::implSquareToLenChecks (198 bytes)
Event: 1.075 Thread 0x00007f3c8c0d8000 nmethod 292 0x00007f3c7c94ac10 code [0x00007f3c7c94b080, 0x00007f3c7c94db18]
Event: 1.075 Thread 0x00007f3c8c0d8000  294       3       java.math.BigInteger::multiplyToLen (216 bytes)
Event: 1.075 Thread 0x00007f3c8c0d8000 nmethod 294 0x00007f3c7c94ef10 code [0x00007f3c7c94f0c0, 0x00007f3c7c94f6d0]
Event: 1.075 Thread 0x00007f3c8c0d8000  295       1       java.nio.Buffer::position (5 bytes)
Event: 1.075 Thread 0x00007f3c8c0d8000 nmethod 295 0x00007f3c7c94fdd0 code [0x00007f3c7c94ff20, 0x00007f3c7c950030]
Event: 1.119 Thread 0x00007f3c8c0d8000  296       3       sun.reflect.ByteVectorImpl::get (26 bytes)
Event: 1.119 Thread 0x00007f3c8c0d8000 nmethod 296 0x00007f3c7c950090 code [0x00007f3c7c950200, 0x00007f3c7c950428]
Event: 1.121 Thread 0x00007f3c8c0d8000  298       3       java.lang.ref.SoftReference::<init> (13 bytes)
Event: 1.121 Thread 0x00007f3c8c0d8000 nmethod 298 0x00007f3c7c9508d0 code [0x00007f3c7c950a40, 0x00007f3c7c950d30]

GC Heap History (0 events):
No events

Deoptimization events (1 events):
Event: 1.036 Thread 0x00007f3c8c115800 Uncommon trap: reason=null_check action=make_not_entrant pc=0x00007f3c7c90fc90 method=java.lang.String.equals(Ljava/lang/Object;)Z @ 8

Internal exceptions (8 events):
Event: 0.043 Thread 0x00007f3c8c008000 Exception <a 'java/lang/NoSuchMethodError': Method sun.misc.Unsafe.defineClass(Ljava/lang/String;[BII)Ljava/lang/Class; name or signature does not match> (0x000000076d207c78) thrown at [/builddir/build/BUILD/java-1.8.0-openjdk-1.8.0.111-1.b15.el7_2.x86_64
Event: 0.043 Thread 0x00007f3c8c008000 Exception <a 'java/lang/NoSuchMethodError': Method sun.misc.Unsafe.prefetchRead(Ljava/lang/Object;J)V name or signature does not match> (0x000000076d207f60) thrown at [/builddir/build/BUILD/java-1.8.0-openjdk-1.8.0.111-1.b15.el7_2.x86_64/openjdk/hotspot/s
Event: 1.008 Thread 0x00007f3c8c115800 Exception <a 'java/lang/NoSuchFieldError': method resolution failed> (0x000000076d560088) thrown at [/builddir/build/BUILD/java-1.8.0-openjdk-1.8.0.111-1.b15.el7_2.x86_64/openjdk/hotspot/src/share/vm/prims/methodHandles.cpp, line 1146]
Event: 1.009 Thread 0x00007f3c8c115800 Exception <a 'java/lang/NoSuchFieldError': method resolution failed> (0x000000076d56d4b8) thrown at [/builddir/build/BUILD/java-1.8.0-openjdk-1.8.0.111-1.b15.el7_2.x86_64/openjdk/hotspot/src/share/vm/prims/methodHandles.cpp, line 1146]
Event: 1.036 Thread 0x00007f3c8c115800 Implicit null exception at 0x00007f3c7c90fa9c to 0x00007f3c7c90fc81
Event: 1.063 Thread 0x00007f3c8c115800 Exception <a 'java/security/PrivilegedActionException'> (0x000000076d6f4b18) thrown at [/builddir/build/BUILD/java-1.8.0-openjdk-1.8.0.111-1.b15.el7_2.x86_64/openjdk/hotspot/src/share/vm/prims/jvm.cpp, line 1396]
Event: 1.063 Thread 0x00007f3c8c115800 Exception <a 'java/security/PrivilegedActionException'> (0x000000076d6f4d28) thrown at [/builddir/build/BUILD/java-1.8.0-openjdk-1.8.0.111-1.b15.el7_2.x86_64/openjdk/hotspot/src/share/vm/prims/jvm.cpp, line 1396]
Event: 1.071 Thread 0x00007f3c8c115800 Exception <a 'java/lang/NoSuchMethodError': <clinit>> (0x000000076d727f68) thrown at [/builddir/build/BUILD/java-1.8.0-openjdk-1.8.0.111-1.b15.el7_2.x86_64/openjdk/hotspot/src/share/vm/prims/jni.cpp, line 1613]

Events (10 events):
Event: 1.119 loading class sun/nio/cs/ISO_8859_1$Encoder done
Event: 1.120 loading class sun/nio/cs/Surrogate$Parser
Event: 1.120 loading class sun/nio/cs/Surrogate$Parser done
Event: 1.120 loading class sun/nio/cs/Surrogate
Event: 1.120 loading class sun/nio/cs/Surrogate done
Event: 1.120 loading class MyDecrypt
Event: 1.120 loading class MyDecrypt done
Event: 1.120 Thread 0x00007f3c14102000 Thread added: 0x00007f3c14102000
Event: 1.121 loading class java/lang/ClassLoaderHelper
Event: 1.121 loading class java/lang/ClassLoaderHelper done


Dynamic libraries:
00400000-00401000 r-xp 00000000 fd:00 3024352                            /usr/lib/jvm/java-1.8.0-openjdk-1.8.0.111-1.b15.el7_2.x86_64/jre/bin/java
00600000-00601000 r--p 00000000 fd:00 3024352                            /usr/lib/jvm/java-1.8.0-openjdk-1.8.0.111-1.b15.el7_2.x86_64/jre/bin/java
00601000-00602000 rw-p 00001000 fd:00 3024352                            /usr/lib/jvm/java-1.8.0-openjdk-1.8.0.111-1.b15.el7_2.x86_64/jre/bin/java
025fb000-0261c000 rw-p 00000000 00:00 0                                  [heap]
6c7600000-6d1d00000 rw-p 00000000 00:00 0 
6d1d00000-76d200000 ---p 00000000 00:00 0 
76d200000-772500000 rw-p 00000000 00:00 0 
772500000-7c0000000 ---p 00000000 00:00 0 
7c0000000-7c00a0000 rw-p 00000000 00:00 0 
7c00a0000-800000000 ---p 00000000 00:00 0 
7f3c08000000-7f3c08021000 rw-p 00000000 00:00 0 
7f3c08021000-7f3c0c000000 ---p 00000000 00:00 0 
7f3c10000000-7f3c10021000 rw-p 00000000 00:00 0 
7f3c10021000-7f3c14000000 ---p 00000000 00:00 0 
7f3c14000000-7f3c1410b000 rw-p 00000000 00:00 0 
7f3c1410b000-7f3c18000000 ---p 00000000 00:00 0 
7f3c18000000-7f3c1819a000 rw-p 00000000 00:00 0 
7f3c1819a000-7f3c1c000000 ---p 00000000 00:00 0 
7f3c1c000000-7f3c1c021000 rw-p 00000000 00:00 0 
7f3c1c021000-7f3c20000000 ---p 00000000 00:00 0 
7f3c20000000-7f3c20021000 rw-p 00000000 00:00 0 
7f3c20021000-7f3c24000000 ---p 00000000 00:00 0 
7f3c24000000-7f3c240be000 rw-p 00000000 00:00 0 
7f3c240be000-7f3c28000000 ---p 00000000 00:00 0 
7f3c28000000-7f3c28068000 rw-p 00000000 00:00 0 
7f3c28068000-7f3c2c000000 ---p 00000000 00:00 0 
7f3c2dad9000-7f3c34000000 r--p 00000000 fd:00 2765659                    /usr/lib/locale/locale-archive
7f3c34000000-7f3c34021000 rw-p 00000000 00:00 0 
7f3c34021000-7f3c38000000 ---p 00000000 00:00 0 
7f3c38000000-7f3c38021000 rw-p 00000000 00:00 0 
7f3c38021000-7f3c3c000000 ---p 00000000 00:00 0 
7f3c3c000000-7f3c3c021000 rw-p 00000000 00:00 0 
7f3c3c021000-7f3c40000000 ---p 00000000 00:00 0 
7f3c403b0000-7f3c48000000 rw-p 00000000 00:00 0 
7f3c48000000-7f3c48021000 rw-p 00000000 00:00 0 
7f3c48021000-7f3c4c000000 ---p 00000000 00:00 0 
7f3c4c000000-7f3c4c021000 rw-p 00000000 00:00 0 
7f3c4c021000-7f3c50000000 ---p 00000000 00:00 0 
7f3c50000000-7f3c50021000 rw-p 00000000 00:00 0 
7f3c50021000-7f3c54000000 ---p 00000000 00:00 0 
7f3c58000000-7f3c58021000 rw-p 00000000 00:00 0 
7f3c58021000-7f3c5c000000 ---p 00000000 00:00 0 
7f3c60000000-7f3c60021000 rw-p 00000000 00:00 0 
7f3c60021000-7f3c64000000 ---p 00000000 00:00 0 
7f3c64000000-7f3c64021000 rw-p 00000000 00:00 0 
7f3c64021000-7f3c68000000 ---p 00000000 00:00 0 
7f3c6b0db000-7f3c6b0dc000 r-xp 00000000 00:27 1495235874                 /afs/ualberta.ca/home/k/w/kwong4/ECE422/Project2/libdecrypt.so
7f3c6b0dc000-7f3c6b2db000 ---p 00001000 00:27 1495235874                 /afs/ualberta.ca/home/k/w/kwong4/ECE422/Project2/libdecrypt.so
7f3c6b2db000-7f3c6b2dc000 r--p 00000000 00:27 1495235874                 /afs/ualberta.ca/home/k/w/kwong4/ECE422/Project2/libdecrypt.so
7f3c6b2dc000-7f3c6b2dd000 rw-p 00001000 00:27 1495235874                 /afs/ualberta.ca/home/k/w/kwong4/ECE422/Project2/libdecrypt.so
7f3c6b2dd000-7f3c6b2e0000 ---p 00000000 00:00 0 
7f3c6b2e0000-7f3c6b3de000 rw-p 00000000 00:00 0                          [stack:486]
7f3c6b3de000-7f3c6b3e1000 ---p 00000000 00:00 0 
7f3c6b3e1000-7f3c6b4df000 rw-p 00000000 00:00 0                          [stack:484]
7f3c6b4df000-7f3c6b4f6000 r-xp 00000000 fd:00 3024388                    /usr/lib/jvm/java-1.8.0-openjdk-1.8.0.111-1.b15.el7_2.x86_64/jre/lib/amd64/libnet.so
7f3c6b4f6000-7f3c6b6f5000 ---p 00017000 fd:00 3024388                    /usr/lib/jvm/java-1.8.0-openjdk-1.8.0.111-1.b15.el7_2.x86_64/jre/lib/amd64/libnet.so
7f3c6b6f5000-7f3c6b6f6000 r--p 00016000 fd:00 3024388                    /usr/lib/jvm/java-1.8.0-openjdk-1.8.0.111-1.b15.el7_2.x86_64/jre/lib/amd64/libnet.so
7f3c6b6f6000-7f3c6b6f7000 rw-p 00017000 fd:00 3024388                    /usr/lib/jvm/java-1.8.0-openjdk-1.8.0.111-1.b15.el7_2.x86_64/jre/lib/amd64/libnet.so
7f3c6b6f7000-7f3c6b6f8000 ---p 00000000 00:00 0 
7f3c6b6f8000-7f3c6b7f8000 rw-p 00000000 00:00 0                          [stack:463]
7f3c6b7f8000-7f3c6b7fb000 ---p 00000000 00:00 0 
7f3c6b7fb000-7f3c6b8f9000 rw-p 00000000 00:00 0                          [stack:462]
7f3c6b8f9000-7f3c6b8fc000 ---p 00000000 00:00 0 
7f3c6b8fc000-7f3c6b9fa000 rw-p 00000000 00:00 0                          [stack:461]
7f3c6b9fa000-7f3c6b9fd000 ---p 00000000 00:00 0 
7f3c6b9fd000-7f3c6bafb000 rw-p 00000000 00:00 0                          [stack:460]
7f3c6bafb000-7f3c6bafe000 ---p 00000000 00:00 0 
7f3c6bafe000-7f3c6bbfc000 rw-p 00000000 00:00 0                          [stack:459]
7f3c6bbfc000-7f3c6bbff000 ---p 00000000 00:00 0 
7f3c6bbff000-7f3c6bcfd000 rw-p 00000000 00:00 0                          [stack:458]
7f3c6bcfd000-7f3c6bd00000 ---p 00000000 00:00 0 
7f3c6bd00000-7f3c6bdfe000 rw-p 00000000 00:00 0                          [stack:457]
7f3c6bdfe000-7f3c6be01000 ---p 00000000 00:00 0 
7f3c6be01000-7f3c6beff000 rw-p 00000000 00:00 0                          [stack:456]
7f3c6beff000-7f3c6bf02000 ---p 00000000 00:00 0 
7f3c6bf02000-7f3c6c000000 rw-p 00000000 00:00 0                          [stack:455]
7f3c6c000000-7f3c6c021000 rw-p 00000000 00:00 0 
7f3c6c021000-7f3c70000000 ---p 00000000 00:00 0 
7f3c70000000-7f3c70021000 rw-p 00000000 00:00 0 
7f3c70021000-7f3c74000000 ---p 00000000 00:00 0 
7f3c74000000-7f3c74021000 rw-p 00000000 00:00 0 
7f3c74021000-7f3c78000000 ---p 00000000 00:00 0 
7f3c7804a000-7f3c7807b000 rw-p 00000000 00:00 0 
7f3c7807b000-7f3c7807c000 ---p 00000000 00:00 0 
7f3c7807c000-7f3c79dec000 rw-p 00000000 00:00 0                          [stack:454]
7f3c79dec000-7f3c79fba000 r--s 043c8000 fd:00 3024434                    /usr/lib/jvm/java-1.8.0-openjdk-1.8.0.111-1.b15.el7_2.x86_64/jre/lib/rt.jar
7f3c79fba000-7f3c7a570000 rw-p 00000000 00:00 0 
7f3c7a570000-7f3c7a830000 ---p 00000000 00:00 0 
7f3c7a830000-7f3c7aff5000 rw-p 00000000 00:00 0 
7f3c7aff5000-7f3c7aff6000 ---p 00000000 00:00 0 
7f3c7aff6000-7f3c7b0f6000 rw-p 00000000 00:00 0                          [stack:453]
7f3c7b0f6000-7f3c7b0f7000 ---p 00000000 00:00 0 
7f3c7b0f7000-7f3c7b1f7000 rw-p 00000000 00:00 0                          [stack:452]
7f3c7b1f7000-7f3c7b1f8000 ---p 00000000 00:00 0 
7f3c7b1f8000-7f3c7b2f8000 rw-p 00000000 00:00 0                          [stack:451]
7f3c7b2f8000-7f3c7b2f9000 ---p 00000000 00:00 0 
7f3c7b2f9000-7f3c7b3f9000 rw-p 00000000 00:00 0                          [stack:450]
7f3c7b3f9000-7f3c7b3fa000 ---p 00000000 00:00 0 
7f3c7b3fa000-7f3c7b4fa000 rw-p 00000000 00:00 0                          [stack:449]
7f3c7b4fa000-7f3c7b4fb000 ---p 00000000 00:00 0 
7f3c7b4fb000-7f3c7b5fb000 rw-p 00000000 00:00 0                          [stack:445]
7f3c7b5fb000-7f3c7b5fc000 ---p 00000000 00:00 0 
7f3c7b5fc000-7f3c7b750000 rw-p 00000000 00:00 0                          [stack:444]
7f3c7b750000-7f3c7bc2a000 ---p 00000000 00:00 0 
7f3c7bc2a000-7f3c7bc7e000 rw-p 00000000 00:00 0 
7f3c7bc7e000-7f3c7c158000 ---p 00000000 00:00 0 
7f3c7c158000-7f3c7c182000 rw-p 00000000 00:00 0 
7f3c7c182000-7f3c7c3ef000 ---p 00000000 00:00 0 
7f3c7c3ef000-7f3c7c3fa000 rw-p 00000000 00:00 0 
7f3c7c3fa000-7f3c7c7b0000 ---p 00000000 00:00 0 
7f3c7c7b0000-7f3c7ca20000 rwxp 00000000 00:00 0 
7f3c7ca20000-7f3c8b7b0000 ---p 00000000 00:00 0 
7f3c8b7b0000-7f3c8b7b8000 r-xp 00000000 fd:00 3024395                    /usr/lib/jvm/java-1.8.0-openjdk-1.8.0.111-1.b15.el7_2.x86_64/jre/lib/amd64/libzip.so
7f3c8b7b8000-7f3c8b9b7000 ---p 00008000 fd:00 3024395                    /usr/lib/jvm/java-1.8.0-openjdk-1.8.0.111-1.b15.el7_2.x86_64/jre/lib/amd64/libzip.so
7f3c8b9b7000-7f3c8b9b8000 r--p 00007000 fd:00 3024395                    /usr/lib/jvm/java-1.8.0-openjdk-1.8.0.111-1.b15.el7_2.x86_64/jre/lib/amd64/libzip.so
7f3c8b9b8000-7f3c8b9b9000 rw-p 00008000 fd:00 3024395                    /usr/lib/jvm/java-1.8.0-openjdk-1.8.0.111-1.b15.el7_2.x86_64/jre/lib/amd64/libzip.so
7f3c8b9b9000-7f3c8b9e6000 r-xp 00000000 fd:00 3024378                    /usr/lib/jvm/java-1.8.0-openjdk-1.8.0.111-1.b15.el7_2.x86_64/jre/lib/amd64/libjava.so
7f3c8b9e6000-7f3c8bbe6000 ---p 0002d000 fd:00 3024378                    /usr/lib/jvm/java-1.8.0-openjdk-1.8.0.111-1.b15.el7_2.x86_64/jre/lib/amd64/libjava.so
7f3c8bbe6000-7f3c8bbe7000 r--p 0002d000 fd:00 3024378                    /usr/lib/jvm/java-1.8.0-openjdk-1.8.0.111-1.b15.el7_2.x86_64/jre/lib/amd64/libjava.so
7f3c8bbe7000-7f3c8bbe9000 rw-p 0002e000 fd:00 3024378                    /usr/lib/jvm/java-1.8.0-openjdk-1.8.0.111-1.b15.el7_2.x86_64/jre/lib/amd64/libjava.so
7f3c8bbe9000-7f3c8bbf6000 r-xp 00000000 fd:00 3024394                    /usr/lib/jvm/java-1.8.0-openjdk-1.8.0.111-1.b15.el7_2.x86_64/jre/lib/amd64/libverify.so
7f3c8bbf6000-7f3c8bdf5000 ---p 0000d000 fd:00 3024394                    /usr/lib/jvm/java-1.8.0-openjdk-1.8.0.111-1.b15.el7_2.x86_64/jre/lib/amd64/libverify.so
7f3c8bdf5000-7f3c8bdf7000 r--p 0000c000 fd:00 3024394                    /usr/lib/jvm/java-1.8.0-openjdk-1.8.0.111-1.b15.el7_2.x86_64/jre/lib/amd64/libverify.so
7f3c8bdf7000-7f3c8bdf8000 rw-p 0000e000 fd:00 3024394                    /usr/lib/jvm/java-1.8.0-openjdk-1.8.0.111-1.b15.el7_2.x86_64/jre/lib/amd64/libverify.so
7f3c8bdf8000-7f3c8bdff000 r-xp 00000000 fd:00 2361094                    /usr/lib64/librt-2.17.so
7f3c8bdff000-7f3c8bffe000 ---p 00007000 fd:00 2361094                    /usr/lib64/librt-2.17.so
7f3c8bffe000-7f3c8bfff000 r--p 00006000 fd:00 2361094                    /usr/lib64/librt-2.17.so
7f3c8bfff000-7f3c8c000000 rw-p 00007000 fd:00 2361094                    /usr/lib64/librt-2.17.so
7f3c8c000000-7f3c8c117000 rw-p 00000000 00:00 0 
7f3c8c117000-7f3c90000000 ---p 00000000 00:00 0 
7f3c9001f000-7f3c9007a000 rw-p 00000000 00:00 0 
7f3c9007a000-7f3c9007b000 ---p 00000000 00:00 0 
7f3c9007b000-7f3c9017b000 rw-p 00000000 00:00 0                          [stack:443]
7f3c9017b000-7f3c90190000 r-xp 00000000 fd:00 2359315                    /usr/lib64/libgcc_s-4.8.5-20150702.so.1
7f3c90190000-7f3c9038f000 ---p 00015000 fd:00 2359315                    /usr/lib64/libgcc_s-4.8.5-20150702.so.1
7f3c9038f000-7f3c90390000 r--p 00014000 fd:00 2359315                    /usr/lib64/libgcc_s-4.8.5-20150702.so.1
7f3c90390000-7f3c90391000 rw-p 00015000 fd:00 2359315                    /usr/lib64/libgcc_s-4.8.5-20150702.so.1
7f3c90391000-7f3c90492000 r-xp 00000000 fd:00 2361072                    /usr/lib64/libm-2.17.so
7f3c90492000-7f3c90691000 ---p 00101000 fd:00 2361072                    /usr/lib64/libm-2.17.so
7f3c90691000-7f3c90692000 r--p 00100000 fd:00 2361072                    /usr/lib64/libm-2.17.so
7f3c90692000-7f3c90693000 rw-p 00101000 fd:00 2361072                    /usr/lib64/libm-2.17.so
7f3c90693000-7f3c9077c000 r-xp 00000000 fd:00 2361111                    /usr/lib64/libstdc++.so.6.0.19
7f3c9077c000-7f3c9097c000 ---p 000e9000 fd:00 2361111                    /usr/lib64/libstdc++.so.6.0.19
7f3c9097c000-7f3c90984000 r--p 000e9000 fd:00 2361111                    /usr/lib64/libstdc++.so.6.0.19
7f3c90984000-7f3c90986000 rw-p 000f1000 fd:00 2361111                    /usr/lib64/libstdc++.so.6.0.19
7f3c90986000-7f3c9099b000 rw-p 00000000 00:00 0 
7f3c9099b000-7f3c915ab000 r-xp 00000000 fd:00 3024399                    /usr/lib/jvm/java-1.8.0-openjdk-1.8.0.111-1.b15.el7_2.x86_64/jre/lib/amd64/server/libjvm.so
7f3c915ab000-7f3c917aa000 ---p 00c10000 fd:00 3024399                    /usr/lib/jvm/java-1.8.0-openjdk-1.8.0.111-1.b15.el7_2.x86_64/jre/lib/amd64/server/libjvm.so
7f3c917aa000-7f3c91849000 r--p 00c0f000 fd:00 3024399                    /usr/lib/jvm/java-1.8.0-openjdk-1.8.0.111-1.b15.el7_2.x86_64/jre/lib/amd64/server/libjvm.so
7f3c91849000-7f3c91872000 rw-p 00cae000 fd:00 3024399                    /usr/lib/jvm/java-1.8.0-openjdk-1.8.0.111-1.b15.el7_2.x86_64/jre/lib/amd64/server/libjvm.so
7f3c91872000-7f3c918a4000 rw-p 00000000 00:00 0 
7f3c918a4000-7f3c91a5b000 r-xp 00000000 fd:00 2361064                    /usr/lib64/libc-2.17.so
7f3c91a5b000-7f3c91c5b000 ---p 001b7000 fd:00 2361064                    /usr/lib64/libc-2.17.so
7f3c91c5b000-7f3c91c5f000 r--p 001b7000 fd:00 2361064                    /usr/lib64/libc-2.17.so
7f3c91c5f000-7f3c91c61000 rw-p 001bb000 fd:00 2361064                    /usr/lib64/libc-2.17.so
7f3c91c61000-7f3c91c66000 rw-p 00000000 00:00 0 
7f3c91c66000-7f3c91c69000 r-xp 00000000 fd:00 2361070                    /usr/lib64/libdl-2.17.so
7f3c91c69000-7f3c91e68000 ---p 00003000 fd:00 2361070                    /usr/lib64/libdl-2.17.so
7f3c91e68000-7f3c91e69000 r--p 00002000 fd:00 2361070                    /usr/lib64/libdl-2.17.so
7f3c91e69000-7f3c91e6a000 rw-p 00003000 fd:00 2361070                    /usr/lib64/libdl-2.17.so
7f3c91e6a000-7f3c91e78000 r-xp 00000000 fd:00 3024365                    /usr/lib/jvm/java-1.8.0-openjdk-1.8.0.111-1.b15.el7_2.x86_64/jre/lib/amd64/jli/libjli.so
7f3c91e78000-7f3c92077000 ---p 0000e000 fd:00 3024365                    /usr/lib/jvm/java-1.8.0-openjdk-1.8.0.111-1.b15.el7_2.x86_64/jre/lib/amd64/jli/libjli.so
7f3c92077000-7f3c92078000 r--p 0000d000 fd:00 3024365                    /usr/lib/jvm/java-1.8.0-openjdk-1.8.0.111-1.b15.el7_2.x86_64/jre/lib/amd64/jli/libjli.so
7f3c92078000-7f3c92079000 rw-p 0000e000 fd:00 3024365                    /usr/lib/jvm/java-1.8.0-openjdk-1.8.0.111-1.b15.el7_2.x86_64/jre/lib/amd64/jli/libjli.so
7f3c92079000-7f3c9208e000 r-xp 00000000 fd:00 2361238                    /usr/lib64/libz.so.1.2.7
7f3c9208e000-7f3c9228d000 ---p 00015000 fd:00 2361238                    /usr/lib64/libz.so.1.2.7
7f3c9228d000-7f3c9228e000 r--p 00014000 fd:00 2361238                    /usr/lib64/libz.so.1.2.7
7f3c9228e000-7f3c9228f000 rw-p 00015000 fd:00 2361238                    /usr/lib64/libz.so.1.2.7
7f3c9228f000-7f3c922a5000 r-xp 00000000 fd:00 2361090                    /usr/lib64/libpthread-2.17.so
7f3c922a5000-7f3c924a5000 ---p 00016000 fd:00 2361090                    /usr/lib64/libpthread-2.17.so
7f3c924a5000-7f3c924a6000 r--p 00016000 fd:00 2361090                    /usr/lib64/libpthread-2.17.so
7f3c924a6000-7f3c924a7000 rw-p 00017000 fd:00 2361090                    /usr/lib64/libpthread-2.17.so
7f3c924a7000-7f3c924ab000 rw-p 00000000 00:00 0 
7f3c924ab000-7f3c924cc000 r-xp 00000000 fd:00 2375046                    /usr/lib64/ld-2.17.so
7f3c924df000-7f3c92577000 rw-p 00000000 00:00 0 
7f3c92577000-7f3c925ac000 r--s 00000000 fd:00 3150916                    /var/db/nscd/passwd
7f3c925ac000-7f3c925af000 ---p 00000000 00:00 0 
7f3c925af000-7f3c926b3000 rw-p 00000000 00:00 0                          [stack:442]
7f3c926b3000-7f3c926b4000 rw-p 00000000 00:00 0 
7f3c926b4000-7f3c926b7000 r--s 00018000 fd:00 3024421                    /usr/lib/jvm/java-1.8.0-openjdk-1.8.0.111-1.b15.el7_2.x86_64/jre/lib/jce.jar
7f3c926b7000-7f3c926bd000 r--s 00043000 fd:00 3024309                    /usr/lib/jvm/java-1.8.0-openjdk-1.8.0.111-1.b15.el7_2.x86_64/jre/lib/ext/sunjce_provider.jar
7f3c926bd000-7f3c926c1000 r--s 000b0000 fd:00 3024423                    /usr/lib/jvm/java-1.8.0-openjdk-1.8.0.111-1.b15.el7_2.x86_64/jre/lib/jsse.jar
7f3c926c1000-7f3c926c9000 rw-s 00000000 fd:00 10489605                   /tmp/hsperfdata_kwong4/441
7f3c926c9000-7f3c926ca000 rw-p 00000000 00:00 0 
7f3c926ca000-7f3c926cb000 r--p 00000000 00:00 0 
7f3c926cb000-7f3c926cc000 rw-p 00000000 00:00 0 
7f3c926cc000-7f3c926cd000 r--p 00021000 fd:00 2375046                    /usr/lib64/ld-2.17.so
7f3c926cd000-7f3c926ce000 rw-p 00022000 fd:00 2375046                    /usr/lib64/ld-2.17.so
7f3c926ce000-7f3c926cf000 rw-p 00000000 00:00 0 
7ffee6b7b000-7ffee6b9c000 rw-p 00000000 00:00 0                          [stack]
7ffee6bea000-7ffee6bec000 r-xp 00000000 00:00 0                          [vdso]
ffffffffff600000-ffffffffff601000 r-xp 00000000 00:00 0                  [vsyscall]

VM Arguments:
java_command: Server
java_class_path (initial): :/opt/ECE_325/JUnit/junit-4.12/junit-4.12.jar:/opt/ECE_325/JUnit/junit-4.12/hamcrest-core-1.3.jar
Launcher Type: SUN_STANDARD

Environment Variables:
JAVA_HOME=/usr/lib/jvm/java
CLASSPATH=:/opt/ECE_325/JUnit/junit-4.12/junit-4.12.jar:/opt/ECE_325/JUnit/junit-4.12/hamcrest-core-1.3.jar
PATH=/usr/local/rvm/gems/ruby-2.2.4/bin:/usr/local/rvm/gems/ruby-2.2.4@global/bin:/usr/local/rvm/rubies/ruby-2.2.4/bin:/usr/lib64/qt-3.3/bin:/usr/lib64/mpich/bin:/usr/local/bin:/usr/local/sbin:/usr/bin:/usr/sbin:/bin:/sbin:/opt/androidstudio/android-studio/bin:/opt/ECE_325/Cobertura/cobertura-2.1.1:/opt/eclipse/neon/:/opt/ECE_325/FindBugs/findbugs-3.0.1/bin:/opt/intellij_idea/bin:/opt/rubymine/bin:/usr/local/rvm/bin:/opt/scala/bin:/opt/spark/bin:/opt/webstorm/bin:/afs/ualberta.ca/home/k/w/kwong4/bin/android-studio/bin:/afs/ualberta.ca/home/k/w/kwong4/bin/android-sdk-linux/tools
USERNAME=kwong4
LD_LIBRARY_PATH=/usr/lib64/mpich/lib:.:.:.
SHELL=/bin/bash
DISPLAY=:0

Signal Handlers:
SIGSEGV: [libjvm.so+0xa137f0], sa_mask[0]=11111111011111111101111111111110, sa_flags=SA_RESTART|SA_SIGINFO
SIGBUS: [libjvm.so+0xa137f0], sa_mask[0]=11111111011111111101111111111110, sa_flags=SA_RESTART|SA_SIGINFO
SIGFPE: [libjvm.so+0x86f510], sa_mask[0]=11111111011111111101111111111110, sa_flags=SA_RESTART|SA_SIGINFO
SIGPIPE: [libjvm.so+0x86f510], sa_mask[0]=11111111011111111101111111111110, sa_flags=SA_RESTART|SA_SIGINFO
SIGXFSZ: [libjvm.so+0x86f510], sa_mask[0]=11111111011111111101111111111110, sa_flags=SA_RESTART|SA_SIGINFO
SIGILL: [libjvm.so+0x86f510], sa_mask[0]=11111111011111111101111111111110, sa_flags=SA_RESTART|SA_SIGINFO
SIGUSR1: SIG_DFL, sa_mask[0]=00000000000000000000000000000000, sa_flags=none
SIGUSR2: [libjvm.so+0x86f3c0], sa_mask[0]=00000000000000000000000000000000, sa_flags=SA_RESTART|SA_SIGINFO
SIGHUP: [libjvm.so+0x86f5d0], sa_mask[0]=11111111011111111101111111111110, sa_flags=SA_RESTART|SA_SIGINFO
SIGINT: [libjvm.so+0x86f5d0], sa_mask[0]=11111111011111111101111111111110, sa_flags=SA_RESTART|SA_SIGINFO
SIGTERM: [libjvm.so+0x86f5d0], sa_mask[0]=11111111011111111101111111111110, sa_flags=SA_RESTART|SA_SIGINFO
SIGQUIT: [libjvm.so+0x86f5d0], sa_mask[0]=11111111011111111101111111111110, sa_flags=SA_RESTART|SA_SIGINFO


---------------  S Y S T E M  ---------------

OS:CentOS Linux release 7.2.1511 (Core) 

uname:Linux 3.10.0-327.22.2.el7.x86_64 #1 SMP Thu Jun 23 17:05:11 UTC 2016 x86_64
libc:glibc 2.17 NPTL 2.17 
rlimit: STACK 8192k, CORE 0k, NPROC 4096, NOFILE 4096, AS infinity
load average:0.19 0.37 0.63

/proc/meminfo:
MemTotal:       16291080 kB
MemFree:         8647456 kB
MemAvailable:   14545696 kB
Buffers:         1157012 kB
Cached:          4498664 kB
SwapCached:            0 kB
Active:          5504444 kB
Inactive:        1308340 kB
Active(anon):    1178916 kB
Inactive(anon):    46280 kB
Active(file):    4325528 kB
Inactive(file):  1262060 kB
Unevictable:          16 kB
Mlocked:              16 kB
SwapTotal:      24577020 kB
SwapFree:       24577020 kB
Dirty:               180 kB
Writeback:             0 kB
AnonPages:       1151692 kB
Mapped:           228164 kB
Shmem:             68100 kB
Slab:             642944 kB
SReclaimable:     564068 kB
SUnreclaim:        78876 kB
KernelStack:        9408 kB
PageTables:        29132 kB
NFS_Unstable:          0 kB
Bounce:                0 kB
WritebackTmp:          0 kB
CommitLimit:    32722560 kB
Committed_AS:    4845952 kB
VmallocTotal:   34359738367 kB
VmallocUsed:      107380 kB
VmallocChunk:   34359614640 kB
HardwareCorrupted:     0 kB
AnonHugePages:    458752 kB
HugePages_Total:       0
HugePages_Free:        0
HugePages_Rsvd:        0
HugePages_Surp:        0
Hugepagesize:       2048 kB
DirectMap4k:      124236 kB
DirectMap2M:     4976640 kB
DirectMap1G:    11534336 kB


CPU:total 8 (4 cores per cpu, 2 threads per core) family 6 model 94 stepping 3, cmov, cx8, fxsr, mmx, sse, sse2, sse3, ssse3, sse4.1, sse4.2, popcnt, avx, avx2, aes, clmul, erms, rtm, 3dnowpref, lzcnt, ht, tsc, tscinvbit, bmi1, bmi2, adx

/proc/cpuinfo:
processor	: 0
vendor_id	: GenuineIntel
cpu family	: 6
model		: 94
model name	: Intel(R) Core(TM) i7-6700 CPU @ 3.40GHz
stepping	: 3
microcode	: 0x74
cpu MHz		: 3716.890
cache size	: 8192 KB
physical id	: 0
siblings	: 8
core id		: 0
cpu cores	: 4
apicid		: 0
initial apicid	: 0
fpu		: yes
fpu_exception	: yes
cpuid level	: 22
wp		: yes
flags		: fpu vme de pse tsc msr pae mce cx8 apic sep mtrr pge mca cmov pat pse36 clflush dts acpi mmx fxsr sse sse2 ss ht tm pbe syscall nx pdpe1gb rdtscp lm constant_tsc arch_perfmon pebs bts rep_good nopl xtopology nonstop_tsc aperfmperf eagerfpu pni pclmulqdq dtes64 monitor ds_cpl vmx smx est tm2 ssse3 fma cx16 xtpr pdcm pcid sse4_1 sse4_2 x2apic movbe popcnt tsc_deadline_timer aes xsave avx f16c rdrand lahf_lm abm 3dnowprefetch ida arat epb pln pts dtherm hwp hwp_noitfy hwp_act_window hwp_epp tpr_shadow vnmi flexpriority ept vpid fsgsbase tsc_adjust bmi1 hle avx2 smep bmi2 erms invpcid rtm mpx rdseed adx smap clflushopt xsaveopt xsavec xgetbv1 xsaves
bogomips	: 6816.07
clflush size	: 64
cache_alignment	: 64
address sizes	: 39 bits physical, 48 bits virtual
power management:

processor	: 1
vendor_id	: GenuineIntel
cpu family	: 6
model		: 94
model name	: Intel(R) Core(TM) i7-6700 CPU @ 3.40GHz
stepping	: 3
microcode	: 0x74
cpu MHz		: 3538.125
cache size	: 8192 KB
physical id	: 0
siblings	: 8
core id		: 1
cpu cores	: 4
apicid		: 2
initial apicid	: 2
fpu		: yes
fpu_exception	: yes
cpuid level	: 22
wp		: yes
flags		: fpu vme de pse tsc msr pae mce cx8 apic sep mtrr pge mca cmov pat pse36 clflush dts acpi mmx fxsr sse sse2 ss ht tm pbe syscall nx pdpe1gb rdtscp lm constant_tsc arch_perfmon pebs bts rep_good nopl xtopology nonstop_tsc aperfmperf eagerfpu pni pclmulqdq dtes64 monitor ds_cpl vmx smx est tm2 ssse3 fma cx16 xtpr pdcm pcid sse4_1 sse4_2 x2apic movbe popcnt tsc_deadline_timer aes xsave avx f16c rdrand lahf_lm abm 3dnowprefetch ida arat epb pln pts dtherm hwp hwp_noitfy hwp_act_window hwp_epp tpr_shadow vnmi flexpriority ept vpid fsgsbase tsc_adjust bmi1 hle avx2 smep bmi2 erms invpcid rtm mpx rdseed adx smap clflushopt xsaveopt xsavec xgetbv1 xsaves
bogomips	: 6816.07
clflush size	: 64
cache_alignment	: 64
address sizes	: 39 bits physical, 48 bits virtual
power management:

processor	: 2
vendor_id	: GenuineIntel
cpu family	: 6
model		: 94
model name	: Intel(R) Core(TM) i7-6700 CPU @ 3.40GHz
stepping	: 3
microcode	: 0x74
cpu MHz		: 3727.382
cache size	: 8192 KB
physical id	: 0
siblings	: 8
core id		: 2
cpu cores	: 4
apicid		: 4
initial apicid	: 4
fpu		: yes
fpu_exception	: yes
cpuid level	: 22
wp		: yes
flags		: fpu vme de pse tsc msr pae mce cx8 apic sep mtrr pge mca cmov pat pse36 clflush dts acpi mmx fxsr sse sse2 ss ht tm pbe syscall nx pdpe1gb rdtscp lm constant_tsc arch_perfmon pebs bts rep_good nopl xtopology nonstop_tsc aperfmperf eagerfpu pni pclmulqdq dtes64 monitor ds_cpl vmx smx est tm2 ssse3 fma cx16 xtpr pdcm pcid sse4_1 sse4_2 x2apic movbe popcnt tsc_deadline_timer aes xsave avx f16c rdrand lahf_lm abm 3dnowprefetch ida arat epb pln pts dtherm hwp hwp_noitfy hwp_act_window hwp_epp tpr_shadow vnmi flexpriority ept vpid fsgsbase tsc_adjust bmi1 hle avx2 smep bmi2 erms invpcid rtm mpx rdseed adx smap clflushopt xsaveopt xsavec xgetbv1 xsaves
bogomips	: 6816.07
clflush size	: 64
cache_alignment	: 64
address sizes	: 39 bits physical, 48 bits virtual
power management:

processor	: 3
vendor_id	: GenuineIntel
cpu family	: 6
model		: 94
model name	: Intel(R) Core(TM) i7-6700 CPU @ 3.40GHz
stepping	: 3
microcode	: 0x74
cpu MHz		: 3758.992
cache size	: 8192 KB
physical id	: 0
siblings	: 8
core id		: 3
cpu cores	: 4
apicid		: 6
initial apicid	: 6
fpu		: yes
fpu_exception	: yes
cpuid level	: 22
wp		: yes
flags		: fpu vme de pse tsc msr pae mce cx8 apic sep mtrr pge mca cmov pat pse36 clflush dts acpi mmx fxsr sse sse2 ss ht tm pbe syscall nx pdpe1gb rdtscp lm constant_tsc arch_perfmon pebs bts rep_good nopl xtopology nonstop_tsc aperfmperf eagerfpu pni pclmulqdq dtes64 monitor ds_cpl vmx smx est tm2 ssse3 fma cx16 xtpr pdcm pcid sse4_1 sse4_2 x2apic movbe popcnt tsc_deadline_timer aes xsave avx f16c rdrand lahf_lm abm 3dnowprefetch ida arat epb pln pts dtherm hwp hwp_noitfy hwp_act_window hwp_epp tpr_shadow vnmi flexpriority ept vpid fsgsbase tsc_adjust bmi1 hle avx2 smep bmi2 erms invpcid rtm mpx rdseed adx smap clflushopt xsaveopt xsavec xgetbv1 xsaves
bogomips	: 6816.07
clflush size	: 64
cache_alignment	: 64
address sizes	: 39 bits physical, 48 bits virtual
power management:

processor	: 4
vendor_id	: GenuineIntel
cpu family	: 6
model		: 94
model name	: Intel(R) Core(TM) i7-6700 CPU @ 3.40GHz
stepping	: 3
microcode	: 0x74
cpu MHz		: 3638.398
cache size	: 8192 KB
physical id	: 0
siblings	: 8
core id		: 0
cpu cores	: 4
apicid		: 1
initial apicid	: 1
fpu		: yes
fpu_exception	: yes
cpuid level	: 22
wp		: yes
flags		: fpu vme de pse tsc msr pae mce cx8 apic sep mtrr pge mca cmov pat pse36 clflush dts acpi mmx fxsr sse sse2 ss ht tm pbe syscall nx pdpe1gb rdtscp lm constant_tsc arch_perfmon pebs bts rep_good nopl xtopology nonstop_tsc aperfmperf eagerfpu pni pclmulqdq dtes64 monitor ds_cpl vmx smx est tm2 ssse3 fma cx16 xtpr pdcm pcid sse4_1 sse4_2 x2apic movbe popcnt tsc_deadline_timer aes xsave avx f16c rdrand lahf_lm abm 3dnowprefetch ida arat epb pln pts dtherm hwp hwp_noitfy hwp_act_window hwp_epp tpr_shadow vnmi flexpriority ept vpid fsgsbase tsc_adjust bmi1 hle avx2 smep bmi2 erms invpcid rtm mpx rdseed adx smap clflushopt xsaveopt xsavec xgetbv1 xsaves
bogomips	: 6816.07
clflush size	: 64
cache_alignment	: 64
address sizes	: 39 bits physical, 48 bits virtual
power management:

processor	: 5
vendor_id	: GenuineIntel
cpu family	: 6
model		: 94
model name	: Intel(R) Core(TM) i7-6700 CPU @ 3.40GHz
stepping	: 3
microcode	: 0x74
cpu MHz		: 3761.914
cache size	: 8192 KB
physical id	: 0
siblings	: 8
core id		: 1
cpu cores	: 4
apicid		: 3
initial apicid	: 3
fpu		: yes
fpu_exception	: yes
cpuid level	: 22
wp		: yes
flags		: fpu vme de pse tsc msr pae mce cx8 apic sep mtrr pge mca cmov pat pse36 clflush dts acpi mmx fxsr sse sse2 ss ht tm pbe syscall nx pdpe1gb rdtscp lm constant_tsc arch_perfmon pebs bts rep_good nopl xtopology nonstop_tsc aperfmperf eagerfpu pni pclmulqdq dtes64 monitor ds_cpl vmx smx est tm2 ssse3 fma cx16 xtpr pdcm pcid sse4_1 sse4_2 x2apic movbe popcnt tsc_deadline_timer aes xsave avx f16c rdrand lahf_lm abm 3dnowprefetch ida arat epb pln pts dtherm hwp hwp_noitfy hwp_act_window hwp_epp tpr_shadow vnmi flexpriority ept vpid fsgsbase tsc_adjust bmi1 hle avx2 smep bmi2 erms invpcid rtm mpx rdseed adx smap clflushopt xsaveopt xsavec xgetbv1 xsaves
bogomips	: 6816.07
clflush size	: 64
cache_alignment	: 64
address sizes	: 39 bits physical, 48 bits virtual
power management:

processor	: 6
vendor_id	: GenuineIntel
cpu family	: 6
model		: 94
model name	: Intel(R) Core(TM) i7-6700 CPU @ 3.40GHz
stepping	: 3
microcode	: 0x74
cpu MHz		: 3648.890
cache size	: 8192 KB
physical id	: 0
siblings	: 8
core id		: 2
cpu cores	: 4
apicid		: 5
initial apicid	: 5
fpu		: yes
fpu_exception	: yes
cpuid level	: 22
wp		: yes
flags		: fpu vme de pse tsc msr pae mce cx8 apic sep mtrr pge mca cmov pat pse36 clflush dts acpi mmx fxsr sse sse2 ss ht tm pbe syscall nx pdpe1gb rdtscp lm constant_tsc arch_perfmon pebs bts rep_good nopl xtopology nonstop_tsc aperfmperf eagerfpu pni pclmulqdq dtes64 monitor ds_cpl vmx smx est tm2 ssse3 fma cx16 xtpr pdcm pcid sse4_1 sse4_2 x2apic movbe popcnt tsc_deadline_timer aes xsave avx f16c rdrand lahf_lm abm 3dnowprefetch ida arat epb pln pts dtherm hwp hwp_noitfy hwp_act_window hwp_epp tpr_shadow vnmi flexpriority ept vpid fsgsbase tsc_adjust bmi1 hle avx2 smep bmi2 erms invpcid rtm mpx rdseed adx smap clflushopt xsaveopt xsavec xgetbv1 xsaves
bogomips	: 6816.07
clflush size	: 64
cache_alignment	: 64
address sizes	: 39 bits physical, 48 bits virtual
power management:

processor	: 7
vendor_id	: GenuineIntel
cpu family	: 6
model		: 94
model name	: Intel(R) Core(TM) i7-6700 CPU @ 3.40GHz
stepping	: 3
microcode	: 0x74
cpu MHz		: 3689.000
cache size	: 8192 KB
physical id	: 0
siblings	: 8
core id		: 3
cpu cores	: 4
apicid		: 7
initial apicid	: 7
fpu		: yes
fpu_exception	: yes
cpuid level	: 22
wp		: yes
flags		: fpu vme de pse tsc msr pae mce cx8 apic sep mtrr pge mca cmov pat pse36 clflush dts acpi mmx fxsr sse sse2 ss ht tm pbe syscall nx pdpe1gb rdtscp lm constant_tsc arch_perfmon pebs bts rep_good nopl xtopology nonstop_tsc aperfmperf eagerfpu pni pclmulqdq dtes64 monitor ds_cpl vmx smx est tm2 ssse3 fma cx16 xtpr pdcm pcid sse4_1 sse4_2 x2apic movbe popcnt tsc_deadline_timer aes xsave avx f16c rdrand lahf_lm abm 3dnowprefetch ida arat epb pln pts dtherm hwp hwp_noitfy hwp_act_window hwp_epp tpr_shadow vnmi flexpriority ept vpid fsgsbase tsc_adjust bmi1 hle avx2 smep bmi2 erms invpcid rtm mpx rdseed adx smap clflushopt xsaveopt xsavec xgetbv1 xsaves
bogomips	: 6816.07
clflush size	: 64
cache_alignment	: 64
address sizes	: 39 bits physical, 48 bits virtual
power management:



Memory: 4k page, physical 16291080k(8647456k free), swap 24577020k(24577020k free)

vm_info: OpenJDK 64-Bit Server VM (25.111-b15) for linux-amd64 JRE (1.8.0_111-b15), built on Oct 19 2016 15:38:36 by "mockbuild" with gcc 4.8.5 20150623 (Red Hat 4.8.5-4)

time: Tue Apr 11 17:42:35 2017
elapsed time: 1 seconds (0d 0h 0m 1s)

