#
# A fatal error has been detected by the Java Runtime Environment:
#
#  SIGSEGV (0xb) at pc=0x00007f9bcd0249e1, pid=8650, tid=0x00007f9bc669f700
#
# JRE version: OpenJDK Runtime Environment (8.0_111-b15) (build 1.8.0_111-b15)
# Java VM: OpenJDK 64-Bit Server VM (25.111-b15 mixed mode linux-amd64 compressed oops)
# Problematic frame:
# j  java.util.Arrays.toString([B)Ljava/lang/String;+0
#
# Failed to write core dump. Core dumps have been disabled. To enable core dumping, try "ulimit -c unlimited" before starting Java again
#
# If you would like to submit a bug report, please visit:
#   http://bugreport.java.com/bugreport/crash.jsp
#

---------------  T H R E A D  ---------------

Current thread (0x00007f9bdc10d000):  JavaThread "Thread-0" [_thread_in_Java, id=8699, stack(0x00007f9bc659f000,0x00007f9bc66a0000)]

siginfo: si_signo: 11 (SIGSEGV), si_code: 1 (SEGV_MAPERR), si_addr: 0x000000065d6ed6ac

Registers:
RAX=0x000000065d6ed6a0, RBX=0x00000000000000be, RCX=0x00007f9be0346dc8, RDX=0x0000000000000006
RSP=0x00007f9bc669e908, RBP=0x00007f9bc669e948, RSI=0x000000076d73fff8, RDI=0x000000076d7400a8
R8 =0x0000000000000000, R9 =0x0000000000000025, R10=0x00007f9be49f6b40, R11=0x00000000000005dc
R12=0x0000000000000000, R13=0x00007f9be0346d40, R14=0x00007f9bc669e970, R15=0x00007f9bdc10d000
RIP=0x00007f9bcd0249e1, EFLAGS=0x0000000000010212, CSGSFS=0x0000000000000033, ERR=0x0000000000000004
  TRAPNO=0x000000000000000e

Top of Stack: (sp=0x00007f9bc669e908)
0x00007f9bc669e908:   00007f9bc669e908 00007f9be0346d38
0x00007f9bc669e918:   00007f9bc669e970 00007f9be0348c98
0x00007f9bc669e928:   0000000000000000 00007f9be0346dc8
0x00007f9bc669e938:   0000000000000000 00007f9bc669e970
0x00007f9bc669e948:   00007f9bc669e9c8 00007f9bcd007d80
0x00007f9bc669e958:   0000000000000000 0000000000000000
0x00007f9bc669e968:   0000000000000000 000000065d6ed6a0
0x00007f9bc669e978:   000000076d73fff8 000000076d21dee0
0x00007f9bc669e988:   00007f9bc669e988 00007f9be0609e9c
0x00007f9bc669e998:   00007f9bc669ea70 00007f9be060a0d8
0x00007f9bc669e9a8:   0000000000000000 00007f9be0609f68
0x00007f9bc669e9b8:   00007f9bc669e970 00007f9bc669ea70
0x00007f9bc669e9c8:   00007f9bc669eab8 00007f9bcd008042
0x00007f9bc669e9d8:   0000000000000000 0000000000000000
0x00007f9bc669e9e8:   000000065d6ed6a0 000000076d73fda0
0x00007f9bc669e9f8:   000000076d73d0e8 000000076d73d088
0x00007f9bc669ea08:   000000076d73b8b8 000000076d735408
0x00007f9bc669ea18:   000000076d7301f8 000000076d707720
0x00007f9bc669ea28:   000000076d735660 000000076d6d41b0
0x00007f9bc669ea38:   000000076d6dbc38 000000076d6dcd90
0x00007f9bc669ea48:   000000076d6b9a30 000000076d5e5b90
0x00007f9bc669ea58:   000000076d4922f8 000000076d48baf0
0x00007f9bc669ea68:   000000076d485448 000000076d269898
0x00007f9bc669ea78:   00007f9bc669ea78 00007f9be023d173
0x00007f9bc669ea88:   00007f9bc669eac8 00007f9be02d5d10
0x00007f9bc669ea98:   0000000000000000 00007f9be023d190
0x00007f9bc669eaa8:   00007f9bc669ea70 00007f9bc669eac8
0x00007f9bc669eab8:   00007f9bc669eb30 00007f9bcd0004e7
0x00007f9bc669eac8:   000000076d269720 00007f9b00001fa0
0x00007f9bc669ead8:   00007f9bc669eb90 00007f9bc669ebd0
0x00007f9bc669eae8:   00007f9be023d190 00007f9bdc10d000
0x00007f9bc669eaf8:   00007f9bdc10d000 00007f9bc669ebd0 

Instructions: (pc=0x00007f9bcd0249e1)
0x00007f9bcd0249c1:   00 00 00 00 00 00 00 1f 95 53 e4 9b 7f 00 00 be
0x00007f9bcd0249d1:   00 00 00 00 00 00 00 00 00 00 00 00 00 00 00 58
0x00007f9bcd0249e1:   8b 40 0c 41 0f b6 5d 01 49 ff c5 49 ba 40 4b 9f
0x00007f9bcd0249f1:   e4 9b 7f 00 00 41 ff 24 da 66 0f 1f 44 00 00 40 

Register to memory mapping:

RAX=0x000000065d6ed6a0 is an unknown value
RBX=0x00000000000000be is an unknown value
RCX={method} {0x00007f9be0346dc8} 'toString' '([B)Ljava/lang/String;' in 'java/util/Arrays'
RDX=0x0000000000000006 is an unknown value
RSP=0x00007f9bc669e908 is pointing into the stack for thread: 0x00007f9bdc10d000
RBP=0x00007f9bc669e948 is pointing into the stack for thread: 0x00007f9bdc10d000
RSI=0x000000076d73fff8 is an oop
java.lang.StringBuilder 
 - klass: 'java/lang/StringBuilder'
RDI=0x000000076d7400a8 is an oop

[error occurred during error reporting (printing register info), id 0xb]

Stack: [0x00007f9bc659f000,0x00007f9bc66a0000],  sp=0x00007f9bc669e908,  free space=1022k
Native frames: (J=compiled Java code, j=interpreted, Vv=VM code, C=native code)
j  java.util.Arrays.toString([B)Ljava/lang/String;+0
j  Server.run()V+572
j  java.lang.Thread.run()V+11
v  ~StubRoutines::call_stub
V  [libjvm.so+0x640cba]
V  [libjvm.so+0x63e174]
V  [libjvm.so+0x63e789]
V  [libjvm.so+0x681d21]
V  [libjvm.so+0x9bdec2]
V  [libjvm.so+0x871082]
C  [libpthread.so.0+0x7dc5]  start_thread+0xc5


---------------  P R O C E S S  ---------------

Java Threads: ( => current thread )
=>0x00007f9bdc10d000 JavaThread "Thread-0" [_thread_in_Java, id=8699, stack(0x00007f9bc659f000,0x00007f9bc66a0000)]
  0x00007f9bdc0e5800 JavaThread "Service Thread" daemon [_thread_blocked, id=8668, stack(0x00007f9bc69ea000,0x00007f9bc6aeb000)]
  0x00007f9bdc0d8000 JavaThread "C1 CompilerThread3" daemon [_thread_blocked, id=8667, stack(0x00007f9bc6aeb000,0x00007f9bc6bec000)]
  0x00007f9bdc0d6000 JavaThread "C2 CompilerThread2" daemon [_thread_blocked, id=8666, stack(0x00007f9bc6bec000,0x00007f9bc6ced000)]
  0x00007f9bdc0d4000 JavaThread "C2 CompilerThread1" daemon [_thread_blocked, id=8665, stack(0x00007f9bc6ced000,0x00007f9bc6dee000)]
  0x00007f9bdc0c7000 JavaThread "C2 CompilerThread0" daemon [_thread_blocked, id=8664, stack(0x00007f9bc6dee000,0x00007f9bc6eef000)]
  0x00007f9bdc0c4800 JavaThread "Signal Dispatcher" daemon [_thread_blocked, id=8663, stack(0x00007f9bc6eef000,0x00007f9bc6ff0000)]
  0x00007f9bdc09a800 JavaThread "Finalizer" daemon [_thread_blocked, id=8662, stack(0x00007f9bc6ff0000,0x00007f9bc70f1000)]
  0x00007f9bdc096000 JavaThread "Reference Handler" daemon [_thread_blocked, id=8661, stack(0x00007f9bc70f1000,0x00007f9bc71f2000)]
  0x00007f9bdc008000 JavaThread "main" [_thread_in_native, id=8651, stack(0x00007f9be570b000,0x00007f9be580c000)]

Other Threads:
  0x00007f9bdc08c000 VMThread [stack: 0x00007f9bc71f2000,0x00007f9bc72f3000] [id=8660]
  0x00007f9bdc0e7800 WatcherThread [stack: 0x00007f9bc68e9000,0x00007f9bc69ea000] [id=8669]

VM state:not at safepoint (normal execution)

VM Mutex/Monitor currently owned by a thread: None

Heap:
 PSYoungGen      total 74752K, used 7747K [0x000000076d200000, 0x0000000772500000, 0x00000007c0000000)
  eden space 64512K, 12% used [0x000000076d200000,0x000000076d990c98,0x0000000771100000)
  from space 10240K, 0% used [0x0000000771b00000,0x0000000771b00000,0x0000000772500000)
  to   space 10240K, 0% used [0x0000000771100000,0x0000000771100000,0x0000000771b00000)
 ParOldGen       total 171008K, used 0K [0x00000006c7600000, 0x00000006d1d00000, 0x000000076d200000)
  object space 171008K, 0% used [0x00000006c7600000,0x00000006c7600000,0x00000006d1d00000)
 Metaspace       used 5729K, capacity 5868K, committed 6016K, reserved 1056768K
  class space    used 578K, capacity 636K, committed 640K, reserved 1048576K

Card table byte_map: [0x00007f9be1f04000,0x00007f9be26ca000] byte_map_base: 0x00007f9bde8c9000

Marking Bits: (ParMarkBitMap*) 0x00007f9be49e6320
 Begin Bits: [0x00007f9b883b0000, 0x00007f9b8c1d8000)
 End Bits:   [0x00007f9b8c1d8000, 0x00007f9b90000000)

Polling page: 0x00007f9be5829000

CodeCache: size=245760Kb used=1616Kb max_used=1626Kb free=244143Kb
 bounds [0x00007f9bcd000000, 0x00007f9bcd270000, 0x00007f9bdc000000]
 total_blobs=563 nmethods=280 adapters=198
 compilation: enabled

Compilation events (10 events):
Event: 1.102 Thread 0x00007f9bdc0d8000  273       3       java.math.BigInteger::squareToLen (33 bytes)
Event: 1.102 Thread 0x00007f9bdc0d4000  277       4       sun.reflect.ClassFileAssembler::emitByte (11 bytes)
Event: 1.102 Thread 0x00007f9bdc0d8000 nmethod 273 0x00007f9bcd192dd0 code [0x00007f9bcd192f60, 0x00007f9bcd193238]
Event: 1.102 Thread 0x00007f9bdc0d8000  276       3       sun.reflect.ByteVectorImpl::get (26 bytes)
Event: 1.102 Thread 0x00007f9bdc0d8000 nmethod 276 0x00007f9bcd193350 code [0x00007f9bcd1934c0, 0x00007f9bcd1936e8]
Event: 1.102 Thread 0x00007f9bdc0d8000  275       1       java.nio.Buffer::position (5 bytes)
Event: 1.102 Thread 0x00007f9bdc0d8000 nmethod 275 0x00007f9bcd193810 code [0x00007f9bcd193960, 0x00007f9bcd193a70]
Event: 1.103 Thread 0x00007f9bdc0d4000 nmethod 277 0x00007f9bcd196f50 code [0x00007f9bcd1970c0, 0x00007f9bcd197208]
Event: 1.104 Thread 0x00007f9bdc0d8000  280       3       java.lang.ref.SoftReference::<init> (13 bytes)
Event: 1.104 Thread 0x00007f9bdc0d8000 nmethod 280 0x00007f9bcd194e10 code [0x00007f9bcd194f80, 0x00007f9bcd195270]

GC Heap History (0 events):
No events

Deoptimization events (1 events):
Event: 1.055 Thread 0x00007f9bdc10d000 Uncommon trap: reason=null_check action=make_not_entrant pc=0x00007f9bcd153d50 method=java.lang.String.equals(Ljava/lang/Object;)Z @ 8

Internal exceptions (8 events):
Event: 0.048 Thread 0x00007f9bdc008000 Exception <a 'java/lang/NoSuchMethodError': Method sun.misc.Unsafe.defineClass(Ljava/lang/String;[BII)Ljava/lang/Class; name or signature does not match> (0x000000076d207c78) thrown at [/builddir/build/BUILD/java-1.8.0-openjdk-1.8.0.111-1.b15.el7_2.x86_64
Event: 0.048 Thread 0x00007f9bdc008000 Exception <a 'java/lang/NoSuchMethodError': Method sun.misc.Unsafe.prefetchRead(Ljava/lang/Object;J)V name or signature does not match> (0x000000076d207f60) thrown at [/builddir/build/BUILD/java-1.8.0-openjdk-1.8.0.111-1.b15.el7_2.x86_64/openjdk/hotspot/s
Event: 1.031 Thread 0x00007f9bdc10d000 Exception <a 'java/lang/NoSuchFieldError': method resolution failed> (0x000000076d560088) thrown at [/builddir/build/BUILD/java-1.8.0-openjdk-1.8.0.111-1.b15.el7_2.x86_64/openjdk/hotspot/src/share/vm/prims/methodHandles.cpp, line 1146]
Event: 1.032 Thread 0x00007f9bdc10d000 Exception <a 'java/lang/NoSuchFieldError': method resolution failed> (0x000000076d56d4b8) thrown at [/builddir/build/BUILD/java-1.8.0-openjdk-1.8.0.111-1.b15.el7_2.x86_64/openjdk/hotspot/src/share/vm/prims/methodHandles.cpp, line 1146]
Event: 1.055 Thread 0x00007f9bdc10d000 Implicit null exception at 0x00007f9bcd153b5c to 0x00007f9bcd153d41
Event: 1.078 Thread 0x00007f9bdc10d000 Exception <a 'java/security/PrivilegedActionException'> (0x000000076d6f4878) thrown at [/builddir/build/BUILD/java-1.8.0-openjdk-1.8.0.111-1.b15.el7_2.x86_64/openjdk/hotspot/src/share/vm/prims/jvm.cpp, line 1396]
Event: 1.078 Thread 0x00007f9bdc10d000 Exception <a 'java/security/PrivilegedActionException'> (0x000000076d6f4a88) thrown at [/builddir/build/BUILD/java-1.8.0-openjdk-1.8.0.111-1.b15.el7_2.x86_64/openjdk/hotspot/src/share/vm/prims/jvm.cpp, line 1396]
Event: 1.086 Thread 0x00007f9bdc10d000 Exception <a 'java/lang/NoSuchMethodError': <clinit>> (0x000000076d727f68) thrown at [/builddir/build/BUILD/java-1.8.0-openjdk-1.8.0.111-1.b15.el7_2.x86_64/openjdk/hotspot/src/share/vm/prims/jni.cpp, line 1613]

Events (10 events):
Event: 1.103 loading class sun/nio/cs/Surrogate$Parser
Event: 1.103 loading class sun/nio/cs/Surrogate$Parser done
Event: 1.103 loading class sun/nio/cs/Surrogate
Event: 1.103 loading class sun/nio/cs/Surrogate done
Event: 1.103 loading class MyDecrypt
Event: 1.103 loading class MyDecrypt done
Event: 1.103 Thread 0x00007f9b5c0da800 Thread added: 0x00007f9b5c0da800
Event: 1.103 loading class java/lang/ClassLoaderHelper
Event: 1.104 loading class java/lang/ClassLoaderHelper done
Event: 1.104 Thread 0x00007f9b5c0da800 Thread exited: 0x00007f9b5c0da800


Dynamic libraries:
00400000-00401000 r-xp 00000000 fd:00 3024352                            /usr/lib/jvm/java-1.8.0-openjdk-1.8.0.111-1.b15.el7_2.x86_64/jre/bin/java
00600000-00601000 r--p 00000000 fd:00 3024352                            /usr/lib/jvm/java-1.8.0-openjdk-1.8.0.111-1.b15.el7_2.x86_64/jre/bin/java
00601000-00602000 rw-p 00001000 fd:00 3024352                            /usr/lib/jvm/java-1.8.0-openjdk-1.8.0.111-1.b15.el7_2.x86_64/jre/bin/java
01d09000-01d2a000 rw-p 00000000 00:00 0                                  [heap]
6c7600000-6d1d00000 rw-p 00000000 00:00 0 
6d1d00000-76d200000 ---p 00000000 00:00 0 
76d200000-772500000 rw-p 00000000 00:00 0 
772500000-7c0000000 ---p 00000000 00:00 0 
7c0000000-7c00a0000 rw-p 00000000 00:00 0 
7c00a0000-800000000 ---p 00000000 00:00 0 
7f9b50000000-7f9b50021000 rw-p 00000000 00:00 0 
7f9b50021000-7f9b54000000 ---p 00000000 00:00 0 
7f9b58000000-7f9b58021000 rw-p 00000000 00:00 0 
7f9b58021000-7f9b5c000000 ---p 00000000 00:00 0 
7f9b5c000000-7f9b5c0ee000 rw-p 00000000 00:00 0 
7f9b5c0ee000-7f9b60000000 ---p 00000000 00:00 0 
7f9b60000000-7f9b6015f000 rw-p 00000000 00:00 0 
7f9b6015f000-7f9b64000000 ---p 00000000 00:00 0 
7f9b64000000-7f9b64021000 rw-p 00000000 00:00 0 
7f9b64021000-7f9b68000000 ---p 00000000 00:00 0 
7f9b68000000-7f9b68021000 rw-p 00000000 00:00 0 
7f9b68021000-7f9b6c000000 ---p 00000000 00:00 0 
7f9b6c000000-7f9b6c06b000 rw-p 00000000 00:00 0 
7f9b6c06b000-7f9b70000000 ---p 00000000 00:00 0 
7f9b70000000-7f9b70137000 rw-p 00000000 00:00 0 
7f9b70137000-7f9b74000000 ---p 00000000 00:00 0 
7f9b75ad9000-7f9b7c000000 r--p 00000000 fd:00 2765659                    /usr/lib/locale/locale-archive
7f9b7c000000-7f9b7c021000 rw-p 00000000 00:00 0 
7f9b7c021000-7f9b80000000 ---p 00000000 00:00 0 
7f9b80000000-7f9b80021000 rw-p 00000000 00:00 0 
7f9b80021000-7f9b84000000 ---p 00000000 00:00 0 
7f9b84000000-7f9b84021000 rw-p 00000000 00:00 0 
7f9b84021000-7f9b88000000 ---p 00000000 00:00 0 
7f9b883b0000-7f9b90000000 rw-p 00000000 00:00 0 
7f9b90000000-7f9b90021000 rw-p 00000000 00:00 0 
7f9b90021000-7f9b94000000 ---p 00000000 00:00 0 
7f9b94000000-7f9b94021000 rw-p 00000000 00:00 0 
7f9b94021000-7f9b98000000 ---p 00000000 00:00 0 
7f9b98000000-7f9b98021000 rw-p 00000000 00:00 0 
7f9b98021000-7f9b9c000000 ---p 00000000 00:00 0 
7f9ba0000000-7f9ba0021000 rw-p 00000000 00:00 0 
7f9ba0021000-7f9ba4000000 ---p 00000000 00:00 0 
7f9ba8000000-7f9ba8021000 rw-p 00000000 00:00 0 
7f9ba8021000-7f9bac000000 ---p 00000000 00:00 0 
7f9bb0000000-7f9bb0021000 rw-p 00000000 00:00 0 
7f9bb0021000-7f9bb4000000 ---p 00000000 00:00 0 
7f9bb8000000-7f9bb8021000 rw-p 00000000 00:00 0 
7f9bb8021000-7f9bbc000000 ---p 00000000 00:00 0 
7f9bc0000000-7f9bc0021000 rw-p 00000000 00:00 0 
7f9bc0021000-7f9bc4000000 ---p 00000000 00:00 0 
7f9bc629c000-7f9bc629d000 r-xp 00000000 00:27 1495235874                 /afs/ualberta.ca/home/k/w/kwong4/ECE422/Project2/libdecrypt.so
7f9bc629d000-7f9bc649c000 ---p 00001000 00:27 1495235874                 /afs/ualberta.ca/home/k/w/kwong4/ECE422/Project2/libdecrypt.so
7f9bc649c000-7f9bc649d000 r--p 00000000 00:27 1495235874                 /afs/ualberta.ca/home/k/w/kwong4/ECE422/Project2/libdecrypt.so
7f9bc649d000-7f9bc649e000 rw-p 00001000 00:27 1495235874                 /afs/ualberta.ca/home/k/w/kwong4/ECE422/Project2/libdecrypt.so
7f9bc649e000-7f9bc64a1000 ---p 00000000 00:00 0 
7f9bc64a1000-7f9bc659f000 rw-p 00000000 00:00 0 
7f9bc659f000-7f9bc65a2000 ---p 00000000 00:00 0 
7f9bc65a2000-7f9bc66d1000 rw-p 00000000 00:00 0                          [stack:8699]
7f9bc66d1000-7f9bc66e8000 r-xp 00000000 fd:00 3024388                    /usr/lib/jvm/java-1.8.0-openjdk-1.8.0.111-1.b15.el7_2.x86_64/jre/lib/amd64/libnet.so
7f9bc66e8000-7f9bc68e7000 ---p 00017000 fd:00 3024388                    /usr/lib/jvm/java-1.8.0-openjdk-1.8.0.111-1.b15.el7_2.x86_64/jre/lib/amd64/libnet.so
7f9bc68e7000-7f9bc68e8000 r--p 00016000 fd:00 3024388                    /usr/lib/jvm/java-1.8.0-openjdk-1.8.0.111-1.b15.el7_2.x86_64/jre/lib/amd64/libnet.so
7f9bc68e8000-7f9bc68e9000 rw-p 00017000 fd:00 3024388                    /usr/lib/jvm/java-1.8.0-openjdk-1.8.0.111-1.b15.el7_2.x86_64/jre/lib/amd64/libnet.so
7f9bc68e9000-7f9bc68ea000 ---p 00000000 00:00 0 
7f9bc68ea000-7f9bc69ea000 rw-p 00000000 00:00 0                          [stack:8669]
7f9bc69ea000-7f9bc69ed000 ---p 00000000 00:00 0 
7f9bc69ed000-7f9bc6aeb000 rw-p 00000000 00:00 0                          [stack:8668]
7f9bc6aeb000-7f9bc6aee000 ---p 00000000 00:00 0 
7f9bc6aee000-7f9bc6bec000 rw-p 00000000 00:00 0                          [stack:8667]
7f9bc6bec000-7f9bc6bef000 ---p 00000000 00:00 0 
7f9bc6bef000-7f9bc6ced000 rw-p 00000000 00:00 0                          [stack:8666]
7f9bc6ced000-7f9bc6cf0000 ---p 00000000 00:00 0 
7f9bc6cf0000-7f9bc6dee000 rw-p 00000000 00:00 0                          [stack:8665]
7f9bc6dee000-7f9bc6df1000 ---p 00000000 00:00 0 
7f9bc6df1000-7f9bc6eef000 rw-p 00000000 00:00 0                          [stack:8664]
7f9bc6eef000-7f9bc6ef2000 ---p 00000000 00:00 0 
7f9bc6ef2000-7f9bc6ff0000 rw-p 00000000 00:00 0                          [stack:8663]
7f9bc6ff0000-7f9bc6ff3000 ---p 00000000 00:00 0 
7f9bc6ff3000-7f9bc70f1000 rw-p 00000000 00:00 0                          [stack:8662]
7f9bc70f1000-7f9bc70f4000 ---p 00000000 00:00 0 
7f9bc70f4000-7f9bc71f2000 rw-p 00000000 00:00 0                          [stack:8661]
7f9bc71f2000-7f9bc71f3000 ---p 00000000 00:00 0 
7f9bc71f3000-7f9bc8000000 rw-p 00000000 00:00 0                          [stack:8660]
7f9bc8000000-7f9bc8021000 rw-p 00000000 00:00 0 
7f9bc8021000-7f9bcc000000 ---p 00000000 00:00 0 
7f9bcc003000-7f9bcce32000 rw-p 00000000 00:00 0 
7f9bcce32000-7f9bcd000000 r--s 043c8000 fd:00 3024434                    /usr/lib/jvm/java-1.8.0-openjdk-1.8.0.111-1.b15.el7_2.x86_64/jre/lib/rt.jar
7f9bcd000000-7f9bcd270000 rwxp 00000000 00:00 0 
7f9bcd270000-7f9bdc000000 ---p 00000000 00:00 0 
7f9bdc000000-7f9bdc10f000 rw-p 00000000 00:00 0 
7f9bdc10f000-7f9be0000000 ---p 00000000 00:00 0 
7f9be0004000-7f9be0749000 rw-p 00000000 00:00 0 
7f9be0749000-7f9be0a09000 ---p 00000000 00:00 0 
7f9be0a09000-7f9be11ce000 rw-p 00000000 00:00 0 
7f9be11ce000-7f9be11cf000 ---p 00000000 00:00 0 
7f9be11cf000-7f9be12cf000 rw-p 00000000 00:00 0                          [stack:8659]
7f9be12cf000-7f9be12d0000 ---p 00000000 00:00 0 
7f9be12d0000-7f9be13d0000 rw-p 00000000 00:00 0                          [stack:8658]
7f9be13d0000-7f9be13d1000 ---p 00000000 00:00 0 
7f9be13d1000-7f9be14d1000 rw-p 00000000 00:00 0                          [stack:8657]
7f9be14d1000-7f9be14d2000 ---p 00000000 00:00 0 
7f9be14d2000-7f9be15d2000 rw-p 00000000 00:00 0                          [stack:8656]
7f9be15d2000-7f9be15d3000 ---p 00000000 00:00 0 
7f9be15d3000-7f9be16d3000 rw-p 00000000 00:00 0                          [stack:8655]
7f9be16d3000-7f9be16d4000 ---p 00000000 00:00 0 
7f9be16d4000-7f9be17d4000 rw-p 00000000 00:00 0                          [stack:8654]
7f9be17d4000-7f9be17d5000 ---p 00000000 00:00 0 
7f9be17d5000-7f9be18d5000 rw-p 00000000 00:00 0                          [stack:8653]
7f9be18d5000-7f9be18d6000 ---p 00000000 00:00 0 
7f9be18d6000-7f9be1a2a000 rw-p 00000000 00:00 0                          [stack:8652]
7f9be1a2a000-7f9be1f04000 ---p 00000000 00:00 0 
7f9be1f04000-7f9be1f58000 rw-p 00000000 00:00 0 
7f9be1f58000-7f9be2432000 ---p 00000000 00:00 0 
7f9be2432000-7f9be245c000 rw-p 00000000 00:00 0 
7f9be245c000-7f9be26c9000 ---p 00000000 00:00 0 
7f9be26c9000-7f9be26d4000 rw-p 00000000 00:00 0 
7f9be26d4000-7f9be2a8a000 ---p 00000000 00:00 0 
7f9be2a8a000-7f9be2a92000 r-xp 00000000 fd:00 3024395                    /usr/lib/jvm/java-1.8.0-openjdk-1.8.0.111-1.b15.el7_2.x86_64/jre/lib/amd64/libzip.so
7f9be2a92000-7f9be2c91000 ---p 00008000 fd:00 3024395                    /usr/lib/jvm/java-1.8.0-openjdk-1.8.0.111-1.b15.el7_2.x86_64/jre/lib/amd64/libzip.so
7f9be2c91000-7f9be2c92000 r--p 00007000 fd:00 3024395                    /usr/lib/jvm/java-1.8.0-openjdk-1.8.0.111-1.b15.el7_2.x86_64/jre/lib/amd64/libzip.so
7f9be2c92000-7f9be2c93000 rw-p 00008000 fd:00 3024395                    /usr/lib/jvm/java-1.8.0-openjdk-1.8.0.111-1.b15.el7_2.x86_64/jre/lib/amd64/libzip.so
7f9be2c93000-7f9be2cc0000 r-xp 00000000 fd:00 3024378                    /usr/lib/jvm/java-1.8.0-openjdk-1.8.0.111-1.b15.el7_2.x86_64/jre/lib/amd64/libjava.so
7f9be2cc0000-7f9be2ec0000 ---p 0002d000 fd:00 3024378                    /usr/lib/jvm/java-1.8.0-openjdk-1.8.0.111-1.b15.el7_2.x86_64/jre/lib/amd64/libjava.so
7f9be2ec0000-7f9be2ec1000 r--p 0002d000 fd:00 3024378                    /usr/lib/jvm/java-1.8.0-openjdk-1.8.0.111-1.b15.el7_2.x86_64/jre/lib/amd64/libjava.so
7f9be2ec1000-7f9be2ec3000 rw-p 0002e000 fd:00 3024378                    /usr/lib/jvm/java-1.8.0-openjdk-1.8.0.111-1.b15.el7_2.x86_64/jre/lib/amd64/libjava.so
7f9be2ec3000-7f9be2ed0000 r-xp 00000000 fd:00 3024394                    /usr/lib/jvm/java-1.8.0-openjdk-1.8.0.111-1.b15.el7_2.x86_64/jre/lib/amd64/libverify.so
7f9be2ed0000-7f9be30cf000 ---p 0000d000 fd:00 3024394                    /usr/lib/jvm/java-1.8.0-openjdk-1.8.0.111-1.b15.el7_2.x86_64/jre/lib/amd64/libverify.so
7f9be30cf000-7f9be30d1000 r--p 0000c000 fd:00 3024394                    /usr/lib/jvm/java-1.8.0-openjdk-1.8.0.111-1.b15.el7_2.x86_64/jre/lib/amd64/libverify.so
7f9be30d1000-7f9be30d2000 rw-p 0000e000 fd:00 3024394                    /usr/lib/jvm/java-1.8.0-openjdk-1.8.0.111-1.b15.el7_2.x86_64/jre/lib/amd64/libverify.so
7f9be30d2000-7f9be30d9000 r-xp 00000000 fd:00 2361094                    /usr/lib64/librt-2.17.so
7f9be30d9000-7f9be32d8000 ---p 00007000 fd:00 2361094                    /usr/lib64/librt-2.17.so
7f9be32d8000-7f9be32d9000 r--p 00006000 fd:00 2361094                    /usr/lib64/librt-2.17.so
7f9be32d9000-7f9be32da000 rw-p 00007000 fd:00 2361094                    /usr/lib64/librt-2.17.so
7f9be32da000-7f9be32ef000 r-xp 00000000 fd:00 2359315                    /usr/lib64/libgcc_s-4.8.5-20150702.so.1
7f9be32ef000-7f9be34ee000 ---p 00015000 fd:00 2359315                    /usr/lib64/libgcc_s-4.8.5-20150702.so.1
7f9be34ee000-7f9be34ef000 r--p 00014000 fd:00 2359315                    /usr/lib64/libgcc_s-4.8.5-20150702.so.1
7f9be34ef000-7f9be34f0000 rw-p 00015000 fd:00 2359315                    /usr/lib64/libgcc_s-4.8.5-20150702.so.1
7f9be34f0000-7f9be35f1000 r-xp 00000000 fd:00 2361072                    /usr/lib64/libm-2.17.so
7f9be35f1000-7f9be37f0000 ---p 00101000 fd:00 2361072                    /usr/lib64/libm-2.17.so
7f9be37f0000-7f9be37f1000 r--p 00100000 fd:00 2361072                    /usr/lib64/libm-2.17.so
7f9be37f1000-7f9be37f2000 rw-p 00101000 fd:00 2361072                    /usr/lib64/libm-2.17.so
7f9be37f2000-7f9be38db000 r-xp 00000000 fd:00 2361111                    /usr/lib64/libstdc++.so.6.0.19
7f9be38db000-7f9be3adb000 ---p 000e9000 fd:00 2361111                    /usr/lib64/libstdc++.so.6.0.19
7f9be3adb000-7f9be3ae3000 r--p 000e9000 fd:00 2361111                    /usr/lib64/libstdc++.so.6.0.19
7f9be3ae3000-7f9be3ae5000 rw-p 000f1000 fd:00 2361111                    /usr/lib64/libstdc++.so.6.0.19
7f9be3ae5000-7f9be3afa000 rw-p 00000000 00:00 0 
7f9be3afa000-7f9be470a000 r-xp 00000000 fd:00 3024399                    /usr/lib/jvm/java-1.8.0-openjdk-1.8.0.111-1.b15.el7_2.x86_64/jre/lib/amd64/server/libjvm.so
7f9be470a000-7f9be4909000 ---p 00c10000 fd:00 3024399                    /usr/lib/jvm/java-1.8.0-openjdk-1.8.0.111-1.b15.el7_2.x86_64/jre/lib/amd64/server/libjvm.so
7f9be4909000-7f9be49a8000 r--p 00c0f000 fd:00 3024399                    /usr/lib/jvm/java-1.8.0-openjdk-1.8.0.111-1.b15.el7_2.x86_64/jre/lib/amd64/server/libjvm.so
7f9be49a8000-7f9be49d1000 rw-p 00cae000 fd:00 3024399                    /usr/lib/jvm/java-1.8.0-openjdk-1.8.0.111-1.b15.el7_2.x86_64/jre/lib/amd64/server/libjvm.so
7f9be49d1000-7f9be4a03000 rw-p 00000000 00:00 0 
7f9be4a03000-7f9be4bba000 r-xp 00000000 fd:00 2361064                    /usr/lib64/libc-2.17.so
7f9be4bba000-7f9be4dba000 ---p 001b7000 fd:00 2361064                    /usr/lib64/libc-2.17.so
7f9be4dba000-7f9be4dbe000 r--p 001b7000 fd:00 2361064                    /usr/lib64/libc-2.17.so
7f9be4dbe000-7f9be4dc0000 rw-p 001bb000 fd:00 2361064                    /usr/lib64/libc-2.17.so
7f9be4dc0000-7f9be4dc5000 rw-p 00000000 00:00 0 
7f9be4dc5000-7f9be4dc8000 r-xp 00000000 fd:00 2361070                    /usr/lib64/libdl-2.17.so
7f9be4dc8000-7f9be4fc7000 ---p 00003000 fd:00 2361070                    /usr/lib64/libdl-2.17.so
7f9be4fc7000-7f9be4fc8000 r--p 00002000 fd:00 2361070                    /usr/lib64/libdl-2.17.so
7f9be4fc8000-7f9be4fc9000 rw-p 00003000 fd:00 2361070                    /usr/lib64/libdl-2.17.so
7f9be4fc9000-7f9be4fd7000 r-xp 00000000 fd:00 3024365                    /usr/lib/jvm/java-1.8.0-openjdk-1.8.0.111-1.b15.el7_2.x86_64/jre/lib/amd64/jli/libjli.so
7f9be4fd7000-7f9be51d6000 ---p 0000e000 fd:00 3024365                    /usr/lib/jvm/java-1.8.0-openjdk-1.8.0.111-1.b15.el7_2.x86_64/jre/lib/amd64/jli/libjli.so
7f9be51d6000-7f9be51d7000 r--p 0000d000 fd:00 3024365                    /usr/lib/jvm/java-1.8.0-openjdk-1.8.0.111-1.b15.el7_2.x86_64/jre/lib/amd64/jli/libjli.so
7f9be51d7000-7f9be51d8000 rw-p 0000e000 fd:00 3024365                    /usr/lib/jvm/java-1.8.0-openjdk-1.8.0.111-1.b15.el7_2.x86_64/jre/lib/amd64/jli/libjli.so
7f9be51d8000-7f9be51ed000 r-xp 00000000 fd:00 2361238                    /usr/lib64/libz.so.1.2.7
7f9be51ed000-7f9be53ec000 ---p 00015000 fd:00 2361238                    /usr/lib64/libz.so.1.2.7
7f9be53ec000-7f9be53ed000 r--p 00014000 fd:00 2361238                    /usr/lib64/libz.so.1.2.7
7f9be53ed000-7f9be53ee000 rw-p 00015000 fd:00 2361238                    /usr/lib64/libz.so.1.2.7
7f9be53ee000-7f9be5404000 r-xp 00000000 fd:00 2361090                    /usr/lib64/libpthread-2.17.so
7f9be5404000-7f9be5604000 ---p 00016000 fd:00 2361090                    /usr/lib64/libpthread-2.17.so
7f9be5604000-7f9be5605000 r--p 00016000 fd:00 2361090                    /usr/lib64/libpthread-2.17.so
7f9be5605000-7f9be5606000 rw-p 00017000 fd:00 2361090                    /usr/lib64/libpthread-2.17.so
7f9be5606000-7f9be560a000 rw-p 00000000 00:00 0 
7f9be560a000-7f9be562b000 r-xp 00000000 fd:00 2375046                    /usr/lib64/ld-2.17.so
7f9be563f000-7f9be56d6000 rw-p 00000000 00:00 0 
7f9be56d6000-7f9be570b000 r--s 00000000 fd:00 3150916                    /var/db/nscd/passwd
7f9be570b000-7f9be570e000 ---p 00000000 00:00 0 
7f9be570e000-7f9be5812000 rw-p 00000000 00:00 0                          [stack:8651]
7f9be5812000-7f9be5813000 rw-p 00000000 00:00 0 
7f9be5813000-7f9be5816000 r--s 00018000 fd:00 3024421                    /usr/lib/jvm/java-1.8.0-openjdk-1.8.0.111-1.b15.el7_2.x86_64/jre/lib/jce.jar
7f9be5816000-7f9be581c000 r--s 00043000 fd:00 3024309                    /usr/lib/jvm/java-1.8.0-openjdk-1.8.0.111-1.b15.el7_2.x86_64/jre/lib/ext/sunjce_provider.jar
7f9be581c000-7f9be5820000 r--s 000b0000 fd:00 3024423                    /usr/lib/jvm/java-1.8.0-openjdk-1.8.0.111-1.b15.el7_2.x86_64/jre/lib/jsse.jar
7f9be5820000-7f9be5828000 rw-s 00000000 fd:00 10489599                   /tmp/hsperfdata_kwong4/8650
7f9be5828000-7f9be5829000 rw-p 00000000 00:00 0 
7f9be5829000-7f9be582a000 r--p 00000000 00:00 0 
7f9be582a000-7f9be582b000 rw-p 00000000 00:00 0 
7f9be582b000-7f9be582c000 r--p 00021000 fd:00 2375046                    /usr/lib64/ld-2.17.so
7f9be582c000-7f9be582d000 rw-p 00022000 fd:00 2375046                    /usr/lib64/ld-2.17.so
7f9be582d000-7f9be582e000 rw-p 00000000 00:00 0 
7ffff9748000-7ffff9769000 rw-p 00000000 00:00 0                          [stack]
7ffff97d1000-7ffff97d3000 r-xp 00000000 00:00 0                          [vdso]
ffffffffff600000-ffffffffff601000 r-xp 00000000 00:00 0                  [vsyscall]

VM Arguments:
java_command: Server
java_class_path (initial): :/opt/ECE_325/JUnit/junit-4.12/junit-4.12.jar:/opt/ECE_325/JUnit/junit-4.12/hamcrest-core-1.3.jar
Launcher Type: SUN_STANDARD

Environment Variables:
JAVA_HOME=/usr/lib/jvm/java
CLASSPATH=:/opt/ECE_325/JUnit/junit-4.12/junit-4.12.jar:/opt/ECE_325/JUnit/junit-4.12/hamcrest-core-1.3.jar
PATH=/usr/local/rvm/gems/ruby-2.2.4/bin:/usr/local/rvm/gems/ruby-2.2.4@global/bin:/usr/local/rvm/rubies/ruby-2.2.4/bin:/usr/lib64/qt-3.3/bin:/usr/lib64/mpich/bin:/usr/local/bin:/usr/local/sbin:/usr/bin:/usr/sbin:/bin:/sbin:/opt/androidstudio/android-studio/bin:/opt/ECE_325/Cobertura/cobertura-2.1.1:/opt/eclipse/neon/:/opt/ECE_325/FindBugs/findbugs-3.0.1/bin:/opt/intellij_idea/bin:/opt/rubymine/bin:/usr/local/rvm/bin:/opt/scala/bin:/opt/spark/bin:/opt/webstorm/bin:/afs/ualberta.ca/home/k/w/kwong4/bin/android-studio/bin:/afs/ualberta.ca/home/k/w/kwong4/bin/android-sdk-linux/tools
USERNAME=kwong4
LD_LIBRARY_PATH=/usr/lib64/mpich/lib:.:.:.
SHELL=/bin/bash
DISPLAY=:0

Signal Handlers:
SIGSEGV: [libjvm.so+0xa137f0], sa_mask[0]=11111111011111111101111111111110, sa_flags=SA_RESTART|SA_SIGINFO
SIGBUS: [libjvm.so+0xa137f0], sa_mask[0]=11111111011111111101111111111110, sa_flags=SA_RESTART|SA_SIGINFO
SIGFPE: [libjvm.so+0x86f510], sa_mask[0]=11111111011111111101111111111110, sa_flags=SA_RESTART|SA_SIGINFO
SIGPIPE: [libjvm.so+0x86f510], sa_mask[0]=11111111011111111101111111111110, sa_flags=SA_RESTART|SA_SIGINFO
SIGXFSZ: [libjvm.so+0x86f510], sa_mask[0]=11111111011111111101111111111110, sa_flags=SA_RESTART|SA_SIGINFO
SIGILL: [libjvm.so+0x86f510], sa_mask[0]=11111111011111111101111111111110, sa_flags=SA_RESTART|SA_SIGINFO
SIGUSR1: SIG_DFL, sa_mask[0]=00000000000000000000000000000000, sa_flags=none
SIGUSR2: [libjvm.so+0x86f3c0], sa_mask[0]=00000000000000000000000000000000, sa_flags=SA_RESTART|SA_SIGINFO
SIGHUP: [libjvm.so+0x86f5d0], sa_mask[0]=11111111011111111101111111111110, sa_flags=SA_RESTART|SA_SIGINFO
SIGINT: [libjvm.so+0x86f5d0], sa_mask[0]=11111111011111111101111111111110, sa_flags=SA_RESTART|SA_SIGINFO
SIGTERM: [libjvm.so+0x86f5d0], sa_mask[0]=11111111011111111101111111111110, sa_flags=SA_RESTART|SA_SIGINFO
SIGQUIT: [libjvm.so+0x86f5d0], sa_mask[0]=11111111011111111101111111111110, sa_flags=SA_RESTART|SA_SIGINFO


---------------  S Y S T E M  ---------------

OS:CentOS Linux release 7.2.1511 (Core) 

uname:Linux 3.10.0-327.22.2.el7.x86_64 #1 SMP Thu Jun 23 17:05:11 UTC 2016 x86_64
libc:glibc 2.17 NPTL 2.17 
rlimit: STACK 8192k, CORE 0k, NPROC 4096, NOFILE 4096, AS infinity
load average:0.05 0.26 0.31

/proc/meminfo:
MemTotal:       16291080 kB
MemFree:         8749048 kB
MemAvailable:   14569976 kB
Buffers:         1146952 kB
Cached:          4435120 kB
SwapCached:            0 kB
Active:          5421716 kB
Inactive:        1305548 kB
Active(anon):    1158460 kB
Inactive(anon):    45240 kB
Active(file):    4263256 kB
Inactive(file):  1260308 kB
Unevictable:          16 kB
Mlocked:              16 kB
SwapTotal:      24577020 kB
SwapFree:       24577020 kB
Dirty:               212 kB
Writeback:             0 kB
AnonPages:       1138568 kB
Mapped:           221716 kB
Shmem:             58520 kB
Slab:             627492 kB
SReclaimable:     550780 kB
SUnreclaim:        76712 kB
KernelStack:        9232 kB
PageTables:        28156 kB
NFS_Unstable:          0 kB
Bounce:                0 kB
WritebackTmp:          0 kB
CommitLimit:    32722560 kB
Committed_AS:    4556764 kB
VmallocTotal:   34359738367 kB
VmallocUsed:      107380 kB
VmallocChunk:   34359614640 kB
HardwareCorrupted:     0 kB
AnonHugePages:    557056 kB
HugePages_Total:       0
HugePages_Free:        0
HugePages_Rsvd:        0
HugePages_Surp:        0
Hugepagesize:       2048 kB
DirectMap4k:      124236 kB
DirectMap2M:     4976640 kB
DirectMap1G:    11534336 kB


CPU:total 8 (4 cores per cpu, 2 threads per core) family 6 model 94 stepping 3, cmov, cx8, fxsr, mmx, sse, sse2, sse3, ssse3, sse4.1, sse4.2, popcnt, avx, avx2, aes, clmul, erms, rtm, 3dnowpref, lzcnt, ht, tsc, tscinvbit, bmi1, bmi2, adx

/proc/cpuinfo:
processor	: 0
vendor_id	: GenuineIntel
cpu family	: 6
model		: 94
model name	: Intel(R) Core(TM) i7-6700 CPU @ 3.40GHz
stepping	: 3
microcode	: 0x74
cpu MHz		: 3713.437
cache size	: 8192 KB
physical id	: 0
siblings	: 8
core id		: 0
cpu cores	: 4
apicid		: 0
initial apicid	: 0
fpu		: yes
fpu_exception	: yes
cpuid level	: 22
wp		: yes
flags		: fpu vme de pse tsc msr pae mce cx8 apic sep mtrr pge mca cmov pat pse36 clflush dts acpi mmx fxsr sse sse2 ss ht tm pbe syscall nx pdpe1gb rdtscp lm constant_tsc arch_perfmon pebs bts rep_good nopl xtopology nonstop_tsc aperfmperf eagerfpu pni pclmulqdq dtes64 monitor ds_cpl vmx smx est tm2 ssse3 fma cx16 xtpr pdcm pcid sse4_1 sse4_2 x2apic movbe popcnt tsc_deadline_timer aes xsave avx f16c rdrand lahf_lm abm 3dnowprefetch ida arat epb pln pts dtherm hwp hwp_noitfy hwp_act_window hwp_epp tpr_shadow vnmi flexpriority ept vpid fsgsbase tsc_adjust bmi1 hle avx2 smep bmi2 erms invpcid rtm mpx rdseed adx smap clflushopt xsaveopt xsavec xgetbv1 xsaves
bogomips	: 6816.07
clflush size	: 64
cache_alignment	: 64
address sizes	: 39 bits physical, 48 bits virtual
power management:

processor	: 1
vendor_id	: GenuineIntel
cpu family	: 6
model		: 94
model name	: Intel(R) Core(TM) i7-6700 CPU @ 3.40GHz
stepping	: 3
microcode	: 0x74
cpu MHz		: 3703.875
cache size	: 8192 KB
physical id	: 0
siblings	: 8
core id		: 1
cpu cores	: 4
apicid		: 2
initial apicid	: 2
fpu		: yes
fpu_exception	: yes
cpuid level	: 22
wp		: yes
flags		: fpu vme de pse tsc msr pae mce cx8 apic sep mtrr pge mca cmov pat pse36 clflush dts acpi mmx fxsr sse sse2 ss ht tm pbe syscall nx pdpe1gb rdtscp lm constant_tsc arch_perfmon pebs bts rep_good nopl xtopology nonstop_tsc aperfmperf eagerfpu pni pclmulqdq dtes64 monitor ds_cpl vmx smx est tm2 ssse3 fma cx16 xtpr pdcm pcid sse4_1 sse4_2 x2apic movbe popcnt tsc_deadline_timer aes xsave avx f16c rdrand lahf_lm abm 3dnowprefetch ida arat epb pln pts dtherm hwp hwp_noitfy hwp_act_window hwp_epp tpr_shadow vnmi flexpriority ept vpid fsgsbase tsc_adjust bmi1 hle avx2 smep bmi2 erms invpcid rtm mpx rdseed adx smap clflushopt xsaveopt xsavec xgetbv1 xsaves
bogomips	: 6816.07
clflush size	: 64
cache_alignment	: 64
address sizes	: 39 bits physical, 48 bits virtual
power management:

processor	: 2
vendor_id	: GenuineIntel
cpu family	: 6
model		: 94
model name	: Intel(R) Core(TM) i7-6700 CPU @ 3.40GHz
stepping	: 3
microcode	: 0x74
cpu MHz		: 3710.914
cache size	: 8192 KB
physical id	: 0
siblings	: 8
core id		: 2
cpu cores	: 4
apicid		: 4
initial apicid	: 4
fpu		: yes
fpu_exception	: yes
cpuid level	: 22
wp		: yes
flags		: fpu vme de pse tsc msr pae mce cx8 apic sep mtrr pge mca cmov pat pse36 clflush dts acpi mmx fxsr sse sse2 ss ht tm pbe syscall nx pdpe1gb rdtscp lm constant_tsc arch_perfmon pebs bts rep_good nopl xtopology nonstop_tsc aperfmperf eagerfpu pni pclmulqdq dtes64 monitor ds_cpl vmx smx est tm2 ssse3 fma cx16 xtpr pdcm pcid sse4_1 sse4_2 x2apic movbe popcnt tsc_deadline_timer aes xsave avx f16c rdrand lahf_lm abm 3dnowprefetch ida arat epb pln pts dtherm hwp hwp_noitfy hwp_act_window hwp_epp tpr_shadow vnmi flexpriority ept vpid fsgsbase tsc_adjust bmi1 hle avx2 smep bmi2 erms invpcid rtm mpx rdseed adx smap clflushopt xsaveopt xsavec xgetbv1 xsaves
bogomips	: 6816.07
clflush size	: 64
cache_alignment	: 64
address sizes	: 39 bits physical, 48 bits virtual
power management:

processor	: 3
vendor_id	: GenuineIntel
cpu family	: 6
model		: 94
model name	: Intel(R) Core(TM) i7-6700 CPU @ 3.40GHz
stepping	: 3
microcode	: 0x74
cpu MHz		: 3728.312
cache size	: 8192 KB
physical id	: 0
siblings	: 8
core id		: 3
cpu cores	: 4
apicid		: 6
initial apicid	: 6
fpu		: yes
fpu_exception	: yes
cpuid level	: 22
wp		: yes
flags		: fpu vme de pse tsc msr pae mce cx8 apic sep mtrr pge mca cmov pat pse36 clflush dts acpi mmx fxsr sse sse2 ss ht tm pbe syscall nx pdpe1gb rdtscp lm constant_tsc arch_perfmon pebs bts rep_good nopl xtopology nonstop_tsc aperfmperf eagerfpu pni pclmulqdq dtes64 monitor ds_cpl vmx smx est tm2 ssse3 fma cx16 xtpr pdcm pcid sse4_1 sse4_2 x2apic movbe popcnt tsc_deadline_timer aes xsave avx f16c rdrand lahf_lm abm 3dnowprefetch ida arat epb pln pts dtherm hwp hwp_noitfy hwp_act_window hwp_epp tpr_shadow vnmi flexpriority ept vpid fsgsbase tsc_adjust bmi1 hle avx2 smep bmi2 erms invpcid rtm mpx rdseed adx smap clflushopt xsaveopt xsavec xgetbv1 xsaves
bogomips	: 6816.07
clflush size	: 64
cache_alignment	: 64
address sizes	: 39 bits physical, 48 bits virtual
power management:

processor	: 4
vendor_id	: GenuineIntel
cpu family	: 6
model		: 94
model name	: Intel(R) Core(TM) i7-6700 CPU @ 3.40GHz
stepping	: 3
microcode	: 0x74
cpu MHz		: 3705.734
cache size	: 8192 KB
physical id	: 0
siblings	: 8
core id		: 0
cpu cores	: 4
apicid		: 1
initial apicid	: 1
fpu		: yes
fpu_exception	: yes
cpuid level	: 22
wp		: yes
flags		: fpu vme de pse tsc msr pae mce cx8 apic sep mtrr pge mca cmov pat pse36 clflush dts acpi mmx fxsr sse sse2 ss ht tm pbe syscall nx pdpe1gb rdtscp lm constant_tsc arch_perfmon pebs bts rep_good nopl xtopology nonstop_tsc aperfmperf eagerfpu pni pclmulqdq dtes64 monitor ds_cpl vmx smx est tm2 ssse3 fma cx16 xtpr pdcm pcid sse4_1 sse4_2 x2apic movbe popcnt tsc_deadline_timer aes xsave avx f16c rdrand lahf_lm abm 3dnowprefetch ida arat epb pln pts dtherm hwp hwp_noitfy hwp_act_window hwp_epp tpr_shadow vnmi flexpriority ept vpid fsgsbase tsc_adjust bmi1 hle avx2 smep bmi2 erms invpcid rtm mpx rdseed adx smap clflushopt xsaveopt xsavec xgetbv1 xsaves
bogomips	: 6816.07
clflush size	: 64
cache_alignment	: 64
address sizes	: 39 bits physical, 48 bits virtual
power management:

processor	: 5
vendor_id	: GenuineIntel
cpu family	: 6
model		: 94
model name	: Intel(R) Core(TM) i7-6700 CPU @ 3.40GHz
stepping	: 3
microcode	: 0x74
cpu MHz		: 3733.890
cache size	: 8192 KB
physical id	: 0
siblings	: 8
core id		: 1
cpu cores	: 4
apicid		: 3
initial apicid	: 3
fpu		: yes
fpu_exception	: yes
cpuid level	: 22
wp		: yes
flags		: fpu vme de pse tsc msr pae mce cx8 apic sep mtrr pge mca cmov pat pse36 clflush dts acpi mmx fxsr sse sse2 ss ht tm pbe syscall nx pdpe1gb rdtscp lm constant_tsc arch_perfmon pebs bts rep_good nopl xtopology nonstop_tsc aperfmperf eagerfpu pni pclmulqdq dtes64 monitor ds_cpl vmx smx est tm2 ssse3 fma cx16 xtpr pdcm pcid sse4_1 sse4_2 x2apic movbe popcnt tsc_deadline_timer aes xsave avx f16c rdrand lahf_lm abm 3dnowprefetch ida arat epb pln pts dtherm hwp hwp_noitfy hwp_act_window hwp_epp tpr_shadow vnmi flexpriority ept vpid fsgsbase tsc_adjust bmi1 hle avx2 smep bmi2 erms invpcid rtm mpx rdseed adx smap clflushopt xsaveopt xsavec xgetbv1 xsaves
bogomips	: 6816.07
clflush size	: 64
cache_alignment	: 64
address sizes	: 39 bits physical, 48 bits virtual
power management:

processor	: 6
vendor_id	: GenuineIntel
cpu family	: 6
model		: 94
model name	: Intel(R) Core(TM) i7-6700 CPU @ 3.40GHz
stepping	: 3
microcode	: 0x74
cpu MHz		: 3707.062
cache size	: 8192 KB
physical id	: 0
siblings	: 8
core id		: 2
cpu cores	: 4
apicid		: 5
initial apicid	: 5
fpu		: yes
fpu_exception	: yes
cpuid level	: 22
wp		: yes
flags		: fpu vme de pse tsc msr pae mce cx8 apic sep mtrr pge mca cmov pat pse36 clflush dts acpi mmx fxsr sse sse2 ss ht tm pbe syscall nx pdpe1gb rdtscp lm constant_tsc arch_perfmon pebs bts rep_good nopl xtopology nonstop_tsc aperfmperf eagerfpu pni pclmulqdq dtes64 monitor ds_cpl vmx smx est tm2 ssse3 fma cx16 xtpr pdcm pcid sse4_1 sse4_2 x2apic movbe popcnt tsc_deadline_timer aes xsave avx f16c rdrand lahf_lm abm 3dnowprefetch ida arat epb pln pts dtherm hwp hwp_noitfy hwp_act_window hwp_epp tpr_shadow vnmi flexpriority ept vpid fsgsbase tsc_adjust bmi1 hle avx2 smep bmi2 erms invpcid rtm mpx rdseed adx smap clflushopt xsaveopt xsavec xgetbv1 xsaves
bogomips	: 6816.07
clflush size	: 64
cache_alignment	: 64
address sizes	: 39 bits physical, 48 bits virtual
power management:

processor	: 7
vendor_id	: GenuineIntel
cpu family	: 6
model		: 94
model name	: Intel(R) Core(TM) i7-6700 CPU @ 3.40GHz
stepping	: 3
microcode	: 0x74
cpu MHz		: 3687.406
cache size	: 8192 KB
physical id	: 0
siblings	: 8
core id		: 3
cpu cores	: 4
apicid		: 7
initial apicid	: 7
fpu		: yes
fpu_exception	: yes
cpuid level	: 22
wp		: yes
flags		: fpu vme de pse tsc msr pae mce cx8 apic sep mtrr pge mca cmov pat pse36 clflush dts acpi mmx fxsr sse sse2 ss ht tm pbe syscall nx pdpe1gb rdtscp lm constant_tsc arch_perfmon pebs bts rep_good nopl xtopology nonstop_tsc aperfmperf eagerfpu pni pclmulqdq dtes64 monitor ds_cpl vmx smx est tm2 ssse3 fma cx16 xtpr pdcm pcid sse4_1 sse4_2 x2apic movbe popcnt tsc_deadline_timer aes xsave avx f16c rdrand lahf_lm abm 3dnowprefetch ida arat epb pln pts dtherm hwp hwp_noitfy hwp_act_window hwp_epp tpr_shadow vnmi flexpriority ept vpid fsgsbase tsc_adjust bmi1 hle avx2 smep bmi2 erms invpcid rtm mpx rdseed adx smap clflushopt xsaveopt xsavec xgetbv1 xsaves
bogomips	: 6816.07
clflush size	: 64
cache_alignment	: 64
address sizes	: 39 bits physical, 48 bits virtual
power management:



Memory: 4k page, physical 16291080k(8748788k free), swap 24577020k(24577020k free)

vm_info: OpenJDK 64-Bit Server VM (25.111-b15) for linux-amd64 JRE (1.8.0_111-b15), built on Oct 19 2016 15:38:36 by "mockbuild" with gcc 4.8.5 20150623 (Red Hat 4.8.5-4)

time: Tue Apr 11 16:57:51 2017
elapsed time: 1 seconds (0d 0h 0m 1s)

