#
# A fatal error has been detected by the Java Runtime Environment:
#
#  SIGSEGV (0xb) at pc=0x00007fd6e31dc813, pid=31265, tid=0x00007fd6e34de700
#
# JRE version: OpenJDK Runtime Environment (8.0_111-b15) (build 1.8.0_111-b15)
# Java VM: OpenJDK 64-Bit Server VM (25.111-b15 mixed mode linux-amd64 compressed oops)
# Problematic frame:
# C  [libdecrypt.so+0x813]  decrypt+0x17
#
# Failed to write core dump. Core dumps have been disabled. To enable core dumping, try "ulimit -c unlimited" before starting Java again
#
# If you would like to submit a bug report, please visit:
#   http://bugreport.java.com/bugreport/crash.jsp
# The crash happened outside the Java Virtual Machine in native code.
# See problematic frame for where to report the bug.
#

---------------  T H R E A D  ---------------

Current thread (0x00007fd68c0ea000):  JavaThread "Thread-1" [_thread_in_native, id=31325, stack(0x00007fd6e33de000,0x00007fd6e34df000)]

siginfo: si_signo: 11 (SIGSEGV), si_code: 1 (SEGV_MAPERR), si_addr: 0x0000000000000000

Registers:
RAX=0x0000000000000000, RBX=0x00007fd6fa538c78, RCX=0x0000000000000000, RDX=0x00007fd690000cf0
RSP=0x00007fd6e34dd950, RBP=0x00007fd6e34dd950, RSI=0x00007fd690000cf0, RDI=0x0000000000000000
R8 =0x000000000000003d, R9 =0x000000000000002c, R10=0x00007fd6e34dd6e0, R11=0x00007fd6e31dc7fc
R12=0x0000000000000000, R13=0x00007fd6fa538c78, R14=0x00007fd6e34dda60, R15=0x00007fd68c0ea000
RIP=0x00007fd6e31dc813, EFLAGS=0x0000000000010202, CSGSFS=0x0000000000000033, ERR=0x0000000000000004
  TRAPNO=0x000000000000000e

Top of Stack: (sp=0x00007fd6e34dd950)
0x00007fd6e34dd950:   00007fd6e34dd9b0 00007fd6e31dc7f6
0x00007fd6e34dd960:   00007fd6fa538c78 000000168c0ea000
0x00007fd6e34dd970:   00007fd6e34dda50 00007fd6e34dda58
0x00007fd6e34dd980:   00007fd6e34dda60 00007fd68c0ea1e0
0x00007fd6e34dd990:   0000000000000000 00007fd690000cf0
0x00007fd6e34dd9a0:   0000000000000000 00000016fc9cf5f2
0x00007fd6e34dd9b0:   00007fd6e34dda28 00007fd6fc9cf754
0x00007fd6e34dd9c0:   0000000000000000 00007fd6fa538c78
0x00007fd6e34dd9d0:   00007fd6e34dda28 00007fd6fc9cf4e7
0x00007fd6e34dd9e0:   00007fd6fc9cf4a2 00007fd6e34dd9e8
0x00007fd6e34dd9f0:   00007fd6fa538c78 00007fd6e34dda60
0x00007fd6e34dda00:   00007fd6fa538ce0 0000000000000000
0x00007fd6e34dda10:   00007fd6fa538c78 0000000000000000
0x00007fd6e34dda20:   00007fd6e34dda48 00007fd6e34ddab0
0x00007fd6e34dda30:   00007fd6fc9bfd80 0000000000000000
0x00007fd6e34dda40:   00007fd6fc9c927b 0000000000000016
0x00007fd6e34dda50:   000000076d73d0d0 000000076d735648
0x00007fd6e34dda60:   000000076d73fd88 000000076d73fd88
0x00007fd6e34dda70:   00007fd6e34dda70 00007fd6fa538ba3
0x00007fd6e34dda80:   00007fd6e34ddac8 00007fd6fa538ce0
0x00007fd6e34dda90:   0000000000000000 00007fd6fa538bd8
0x00007fd6e34ddaa0:   00007fd6e34dda48 00007fd6e34ddac8
0x00007fd6e34ddab0:   00007fd6e34ddb30 00007fd6fc9b84e7
0x00007fd6e34ddac0:   0000000000000000 000000076d73fd88
0x00007fd6e34ddad0:   00007fd600001fa0 00007fd6e34ddb90
0x00007fd6e34ddae0:   00007fd6e34ddbd0 00007fd6fa538bd8
0x00007fd6e34ddaf0:   00007fd68c0ea000 00007fd68c0ea000
0x00007fd6e34ddb00:   00007fd6e34ddbd0 00007fd6e34dddc8
0x00007fd6e34ddb10:   00007fd60000000a 00007fd6fa538bd8
0x00007fd6e34ddb20:   00007fd6fc9ca9c0 00007fd6e34ddd38
0x00007fd6e34ddb30:   00007fd6e34ddc50 00007fd71112fcba
0x00007fd6e34ddb40:   00007fd600000001 00007fd68c0ea000 

Instructions: (pc=0x00007fd6e31dc813)
0x00007fd6e31dc7f3:   fe ff ff 48 8b 45 e0 c9 c3 55 48 89 e5 48 89 7d
0x00007fd6e31dc803:   d8 48 89 75 d0 c7 45 fc 20 00 00 00 48 8b 45 d8
0x00007fd6e31dc813:   8b 00 89 45 f4 48 8b 45 d8 48 83 c0 04 8b 00 89
0x00007fd6e31dc823:   45 f0 c7 45 ec b9 79 37 9e 8b 45 ec c1 e0 05 89 

Register to memory mapping:

RAX=0x0000000000000000 is an unknown value
RBX={method} {0x00007fd6fa538c78} 'decrypt' '(Ljava/lang/String;[BI)[B' in 'MyDecrypt'
RCX=0x0000000000000000 is an unknown value
RDX=0x00007fd690000cf0 is an unknown value
RSP=0x00007fd6e34dd950 is pointing into the stack for thread: 0x00007fd68c0ea000
RBP=0x00007fd6e34dd950 is pointing into the stack for thread: 0x00007fd68c0ea000
RSI=0x00007fd690000cf0 is an unknown value
RDI=0x0000000000000000 is an unknown value
R8 =0x000000000000003d is an unknown value
R9 =0x000000000000002c is an unknown value
R10=0x00007fd6e34dd6e0 is pointing into the stack for thread: 0x00007fd68c0ea000
R11=0x00007fd6e31dc7fc: decrypt+0 in /afs/ualberta.ca/home/k/w/kwong4/ECE422/Project2/libdecrypt.so at 0x00007fd6e31dc000
R12=0x0000000000000000 is an unknown value
R13={method} {0x00007fd6fa538c78} 'decrypt' '(Ljava/lang/String;[BI)[B' in 'MyDecrypt'
R14=0x00007fd6e34dda60 is pointing into the stack for thread: 0x00007fd68c0ea000
R15=0x00007fd68c0ea000 is a thread


Stack: [0x00007fd6e33de000,0x00007fd6e34df000],  sp=0x00007fd6e34dd950,  free space=1022k
Native frames: (J=compiled Java code, j=interpreted, Vv=VM code, C=native code)
C  [libdecrypt.so+0x813]  decrypt+0x17
C  [libdecrypt.so+0x7f6]  Java_MyDecrypt_decrypt+0xae
j  MyDecrypt.decrypt(Ljava/lang/String;[BI)[B+0
j  MyDecrypt.run()V+19
v  ~StubRoutines::call_stub
V  [libjvm.so+0x640cba]
V  [libjvm.so+0x63e174]
V  [libjvm.so+0x63e789]
V  [libjvm.so+0x681d21]
V  [libjvm.so+0x9bdec2]
V  [libjvm.so+0x871082]
C  [libpthread.so.0+0x7dc5]  start_thread+0xc5

Java frames: (J=compiled Java code, j=interpreted, Vv=VM code)
j  MyDecrypt.decrypt(Ljava/lang/String;[BI)[B+0
j  MyDecrypt.run()V+19
v  ~StubRoutines::call_stub

---------------  P R O C E S S  ---------------

Java Threads: ( => current thread )
=>0x00007fd68c0ea000 JavaThread "Thread-1" [_thread_in_native, id=31325, stack(0x00007fd6e33de000,0x00007fd6e34df000)]
  0x00007fd70c10d800 JavaThread "Thread-0" [_thread_blocked, id=31323, stack(0x00007fd6e34df000,0x00007fd6e35e0000)]
  0x00007fd70c0e5800 JavaThread "Service Thread" daemon [_thread_blocked, id=31283, stack(0x00007fd6e38f9000,0x00007fd6e39fa000)]
  0x00007fd70c0d8000 JavaThread "C1 CompilerThread3" daemon [_thread_blocked, id=31282, stack(0x00007fd6e39fa000,0x00007fd6e3afb000)]
  0x00007fd70c0d6000 JavaThread "C2 CompilerThread2" daemon [_thread_blocked, id=31281, stack(0x00007fd6e3afb000,0x00007fd6e3bfc000)]
  0x00007fd70c0d4000 JavaThread "C2 CompilerThread1" daemon [_thread_blocked, id=31280, stack(0x00007fd6e3bfc000,0x00007fd6e3cfd000)]
  0x00007fd70c0c7000 JavaThread "C2 CompilerThread0" daemon [_thread_blocked, id=31279, stack(0x00007fd6e3cfd000,0x00007fd6e3dfe000)]
  0x00007fd70c0c4800 JavaThread "Signal Dispatcher" daemon [_thread_blocked, id=31278, stack(0x00007fd6e3dfe000,0x00007fd6e3eff000)]
  0x00007fd70c09a800 JavaThread "Finalizer" daemon [_thread_blocked, id=31277, stack(0x00007fd6e3eff000,0x00007fd6e4000000)]
  0x00007fd70c096000 JavaThread "Reference Handler" daemon [_thread_blocked, id=31276, stack(0x00007fd6f80ce000,0x00007fd6f81cf000)]
  0x00007fd70c008000 JavaThread "main" [_thread_in_native, id=31266, stack(0x00007fd712700000,0x00007fd712801000)]

Other Threads:
  0x00007fd70c08c000 VMThread [stack: 0x00007fd6f81cf000,0x00007fd6f82d0000] [id=31275]
  0x00007fd70c0e7800 WatcherThread [stack: 0x00007fd6e37f8000,0x00007fd6e38f9000] [id=31284]

VM state:not at safepoint (normal execution)

VM Mutex/Monitor currently owned by a thread: None

Heap:
 PSYoungGen      total 74752K, used 7747K [0x000000076d200000, 0x0000000772500000, 0x00000007c0000000)
  eden space 64512K, 12% used [0x000000076d200000,0x000000076d990c88,0x0000000771100000)
  from space 10240K, 0% used [0x0000000771b00000,0x0000000771b00000,0x0000000772500000)
  to   space 10240K, 0% used [0x0000000771100000,0x0000000771100000,0x0000000771b00000)
 ParOldGen       total 171008K, used 0K [0x00000006c7600000, 0x00000006d1d00000, 0x000000076d200000)
  object space 171008K, 0% used [0x00000006c7600000,0x00000006c7600000,0x00000006d1d00000)
 Metaspace       used 5740K, capacity 5876K, committed 6016K, reserved 1056768K
  class space    used 578K, capacity 636K, committed 640K, reserved 1048576K

Card table byte_map: [0x00007fd6fbe32000,0x00007fd6fc5f8000] byte_map_base: 0x00007fd6f87f7000

Marking Bits: (ParMarkBitMap*) 0x00007fd7119db320
 Begin Bits: [0x00007fd6c43b0000, 0x00007fd6c81d8000)
 End Bits:   [0x00007fd6c81d8000, 0x00007fd6cc000000)

Polling page: 0x00007fd71281e000

CodeCache: size=245760Kb used=1691Kb max_used=1691Kb free=244068Kb
 bounds [0x00007fd6fc9b8000, 0x00007fd6fcc28000, 0x00007fd70b9b8000]
 total_blobs=594 nmethods=311 adapters=198
 compilation: enabled

Compilation events (10 events):
Event: 3.534 Thread 0x00007fd70c0d8000  306       3       java.math.BigInteger::multiplyToLen (216 bytes)
Event: 3.534 Thread 0x00007fd70c0d8000 nmethod 306 0x00007fd6fcb58bd0 code [0x00007fd6fcb58d80, 0x00007fd6fcb59390]
Event: 3.534 Thread 0x00007fd70c0d8000  304       3       java.math.BigInteger::implSquareToLenChecks (198 bytes)
Event: 3.535 Thread 0x00007fd70c0d8000 nmethod 304 0x00007fd6fcb59a90 code [0x00007fd6fcb59f00, 0x00007fd6fcb5c998]
Event: 3.535 Thread 0x00007fd70c0d8000  307       1       java.nio.Buffer::position (5 bytes)
Event: 3.535 Thread 0x00007fd70c0d8000 nmethod 307 0x00007fd6fcb5dd90 code [0x00007fd6fcb5dee0, 0x00007fd6fcb5dff0]
Event: 3.578 Thread 0x00007fd70c0d8000  308       3       sun.reflect.ByteVectorImpl::get (26 bytes)
Event: 3.578 Thread 0x00007fd70c0d8000 nmethod 308 0x00007fd6fcb5e050 code [0x00007fd6fcb5e1c0, 0x00007fd6fcb5e3e8]
Event: 3.579 Thread 0x00007fd70c0d8000  311       3       java.lang.ref.SoftReference::<init> (13 bytes)
Event: 3.580 Thread 0x00007fd70c0d8000 nmethod 311 0x00007fd6fcb5ec10 code [0x00007fd6fcb5ed80, 0x00007fd6fcb5f070]

GC Heap History (0 events):
No events

Deoptimization events (1 events):
Event: 3.498 Thread 0x00007fd70c10d800 Uncommon trap: reason=null_check action=make_not_entrant pc=0x00007fd6fcb1f510 method=java.lang.String.equals(Ljava/lang/Object;)Z @ 8

Internal exceptions (8 events):
Event: 0.018 Thread 0x00007fd70c008000 Exception <a 'java/lang/NoSuchMethodError': Method sun.misc.Unsafe.defineClass(Ljava/lang/String;[BII)Ljava/lang/Class; name or signature does not match> (0x000000076d207c78) thrown at [/builddir/build/BUILD/java-1.8.0-openjdk-1.8.0.111-1.b15.el7_2.x86_64
Event: 0.018 Thread 0x00007fd70c008000 Exception <a 'java/lang/NoSuchMethodError': Method sun.misc.Unsafe.prefetchRead(Ljava/lang/Object;J)V name or signature does not match> (0x000000076d207f60) thrown at [/builddir/build/BUILD/java-1.8.0-openjdk-1.8.0.111-1.b15.el7_2.x86_64/openjdk/hotspot/s
Event: 3.469 Thread 0x00007fd70c10d800 Exception <a 'java/lang/NoSuchFieldError': method resolution failed> (0x000000076d560148) thrown at [/builddir/build/BUILD/java-1.8.0-openjdk-1.8.0.111-1.b15.el7_2.x86_64/openjdk/hotspot/src/share/vm/prims/methodHandles.cpp, line 1146]
Event: 3.470 Thread 0x00007fd70c10d800 Exception <a 'java/lang/NoSuchFieldError': method resolution failed> (0x000000076d56d578) thrown at [/builddir/build/BUILD/java-1.8.0-openjdk-1.8.0.111-1.b15.el7_2.x86_64/openjdk/hotspot/src/share/vm/prims/methodHandles.cpp, line 1146]
Event: 3.498 Thread 0x00007fd70c10d800 Implicit null exception at 0x00007fd6fcb1f31c to 0x00007fd6fcb1f501
Event: 3.523 Thread 0x00007fd70c10d800 Exception <a 'java/security/PrivilegedActionException'> (0x000000076d6f48c0) thrown at [/builddir/build/BUILD/java-1.8.0-openjdk-1.8.0.111-1.b15.el7_2.x86_64/openjdk/hotspot/src/share/vm/prims/jvm.cpp, line 1396]
Event: 3.523 Thread 0x00007fd70c10d800 Exception <a 'java/security/PrivilegedActionException'> (0x000000076d6f4ad0) thrown at [/builddir/build/BUILD/java-1.8.0-openjdk-1.8.0.111-1.b15.el7_2.x86_64/openjdk/hotspot/src/share/vm/prims/jvm.cpp, line 1396]
Event: 3.531 Thread 0x00007fd70c10d800 Exception <a 'java/lang/NoSuchMethodError': <clinit>> (0x000000076d727f58) thrown at [/builddir/build/BUILD/java-1.8.0-openjdk-1.8.0.111-1.b15.el7_2.x86_64/openjdk/hotspot/src/share/vm/prims/jni.cpp, line 1613]

Events (10 events):
Event: 3.578 loading class sun/nio/cs/ISO_8859_1$Encoder done
Event: 3.578 loading class sun/nio/cs/Surrogate$Parser
Event: 3.578 loading class sun/nio/cs/Surrogate$Parser done
Event: 3.578 loading class sun/nio/cs/Surrogate
Event: 3.578 loading class sun/nio/cs/Surrogate done
Event: 3.579 loading class MyDecrypt
Event: 3.579 loading class MyDecrypt done
Event: 3.579 Thread 0x00007fd68c0ea000 Thread added: 0x00007fd68c0ea000
Event: 3.579 loading class java/lang/ClassLoaderHelper
Event: 3.579 loading class java/lang/ClassLoaderHelper done


Dynamic libraries:
00400000-00401000 r-xp 00000000 fd:00 3024352                            /usr/lib/jvm/java-1.8.0-openjdk-1.8.0.111-1.b15.el7_2.x86_64/jre/bin/java
00600000-00601000 r--p 00000000 fd:00 3024352                            /usr/lib/jvm/java-1.8.0-openjdk-1.8.0.111-1.b15.el7_2.x86_64/jre/bin/java
00601000-00602000 rw-p 00001000 fd:00 3024352                            /usr/lib/jvm/java-1.8.0-openjdk-1.8.0.111-1.b15.el7_2.x86_64/jre/bin/java
008ec000-0090d000 rw-p 00000000 00:00 0                                  [heap]
6c7600000-6d1d00000 rw-p 00000000 00:00 0 
6d1d00000-76d200000 ---p 00000000 00:00 0 
76d200000-772500000 rw-p 00000000 00:00 0 
772500000-7c0000000 ---p 00000000 00:00 0 
7c0000000-7c00a0000 rw-p 00000000 00:00 0 
7c00a0000-800000000 ---p 00000000 00:00 0 
7fd68c000000-7fd68c0f4000 rw-p 00000000 00:00 0 
7fd68c0f4000-7fd690000000 ---p 00000000 00:00 0 
7fd690000000-7fd690021000 rw-p 00000000 00:00 0 
7fd690021000-7fd694000000 ---p 00000000 00:00 0 
7fd694000000-7fd694021000 rw-p 00000000 00:00 0 
7fd694021000-7fd698000000 ---p 00000000 00:00 0 
7fd698000000-7fd698021000 rw-p 00000000 00:00 0 
7fd698021000-7fd69c000000 ---p 00000000 00:00 0 
7fd69c000000-7fd69c021000 rw-p 00000000 00:00 0 
7fd69c021000-7fd6a0000000 ---p 00000000 00:00 0 
7fd6a0000000-7fd6a01c3000 rw-p 00000000 00:00 0 
7fd6a01c3000-7fd6a4000000 ---p 00000000 00:00 0 
7fd6a4000000-7fd6a4067000 rw-p 00000000 00:00 0 
7fd6a4067000-7fd6a8000000 ---p 00000000 00:00 0 
7fd6a8000000-7fd6a80b4000 rw-p 00000000 00:00 0 
7fd6a80b4000-7fd6ac000000 ---p 00000000 00:00 0 
7fd6ac000000-7fd6ac021000 rw-p 00000000 00:00 0 
7fd6ac021000-7fd6b0000000 ---p 00000000 00:00 0 
7fd6b1ad9000-7fd6b8000000 r--p 00000000 fd:00 2765659                    /usr/lib/locale/locale-archive
7fd6b8000000-7fd6b8021000 rw-p 00000000 00:00 0 
7fd6b8021000-7fd6bc000000 ---p 00000000 00:00 0 
7fd6bc000000-7fd6bc021000 rw-p 00000000 00:00 0 
7fd6bc021000-7fd6c0000000 ---p 00000000 00:00 0 
7fd6c0000000-7fd6c0021000 rw-p 00000000 00:00 0 
7fd6c0021000-7fd6c4000000 ---p 00000000 00:00 0 
7fd6c43b0000-7fd6cc000000 rw-p 00000000 00:00 0 
7fd6cc000000-7fd6cc021000 rw-p 00000000 00:00 0 
7fd6cc021000-7fd6d0000000 ---p 00000000 00:00 0 
7fd6d4000000-7fd6d4021000 rw-p 00000000 00:00 0 
7fd6d4021000-7fd6d8000000 ---p 00000000 00:00 0 
7fd6dc000000-7fd6dc021000 rw-p 00000000 00:00 0 
7fd6dc021000-7fd6e0000000 ---p 00000000 00:00 0 
7fd6e31dc000-7fd6e31dd000 r-xp 00000000 00:27 1495235874                 /afs/ualberta.ca/home/k/w/kwong4/ECE422/Project2/libdecrypt.so
7fd6e31dd000-7fd6e33dc000 ---p 00001000 00:27 1495235874                 /afs/ualberta.ca/home/k/w/kwong4/ECE422/Project2/libdecrypt.so
7fd6e33dc000-7fd6e33dd000 r--p 00000000 00:27 1495235874                 /afs/ualberta.ca/home/k/w/kwong4/ECE422/Project2/libdecrypt.so
7fd6e33dd000-7fd6e33de000 rw-p 00001000 00:27 1495235874                 /afs/ualberta.ca/home/k/w/kwong4/ECE422/Project2/libdecrypt.so
7fd6e33de000-7fd6e33e1000 ---p 00000000 00:00 0 
7fd6e33e1000-7fd6e34df000 rw-p 00000000 00:00 0                          [stack:31325]
7fd6e34df000-7fd6e34e2000 ---p 00000000 00:00 0 
7fd6e34e2000-7fd6e35e0000 rw-p 00000000 00:00 0                          [stack:31323]
7fd6e35e0000-7fd6e35f7000 r-xp 00000000 fd:00 3024388                    /usr/lib/jvm/java-1.8.0-openjdk-1.8.0.111-1.b15.el7_2.x86_64/jre/lib/amd64/libnet.so
7fd6e35f7000-7fd6e37f6000 ---p 00017000 fd:00 3024388                    /usr/lib/jvm/java-1.8.0-openjdk-1.8.0.111-1.b15.el7_2.x86_64/jre/lib/amd64/libnet.so
7fd6e37f6000-7fd6e37f7000 r--p 00016000 fd:00 3024388                    /usr/lib/jvm/java-1.8.0-openjdk-1.8.0.111-1.b15.el7_2.x86_64/jre/lib/amd64/libnet.so
7fd6e37f7000-7fd6e37f8000 rw-p 00017000 fd:00 3024388                    /usr/lib/jvm/java-1.8.0-openjdk-1.8.0.111-1.b15.el7_2.x86_64/jre/lib/amd64/libnet.so
7fd6e37f8000-7fd6e37f9000 ---p 00000000 00:00 0 
7fd6e37f9000-7fd6e38f9000 rw-p 00000000 00:00 0                          [stack:31284]
7fd6e38f9000-7fd6e38fc000 ---p 00000000 00:00 0 
7fd6e38fc000-7fd6e39fa000 rw-p 00000000 00:00 0                          [stack:31283]
7fd6e39fa000-7fd6e39fd000 ---p 00000000 00:00 0 
7fd6e39fd000-7fd6e3afb000 rw-p 00000000 00:00 0                          [stack:31282]
7fd6e3afb000-7fd6e3afe000 ---p 00000000 00:00 0 
7fd6e3afe000-7fd6e3bfc000 rw-p 00000000 00:00 0                          [stack:31281]
7fd6e3bfc000-7fd6e3bff000 ---p 00000000 00:00 0 
7fd6e3bff000-7fd6e3cfd000 rw-p 00000000 00:00 0                          [stack:31280]
7fd6e3cfd000-7fd6e3d00000 ---p 00000000 00:00 0 
7fd6e3d00000-7fd6e3dfe000 rw-p 00000000 00:00 0                          [stack:31279]
7fd6e3dfe000-7fd6e3e01000 ---p 00000000 00:00 0 
7fd6e3e01000-7fd6e3eff000 rw-p 00000000 00:00 0                          [stack:31278]
7fd6e3eff000-7fd6e3f02000 ---p 00000000 00:00 0 
7fd6e3f02000-7fd6e4000000 rw-p 00000000 00:00 0                          [stack:31277]
7fd6e4000000-7fd6e4021000 rw-p 00000000 00:00 0 
7fd6e4021000-7fd6e8000000 ---p 00000000 00:00 0 
7fd6e8000000-7fd6e8021000 rw-p 00000000 00:00 0 
7fd6e8021000-7fd6ec000000 ---p 00000000 00:00 0 
7fd6ec000000-7fd6ec021000 rw-p 00000000 00:00 0 
7fd6ec021000-7fd6f0000000 ---p 00000000 00:00 0 
7fd6f0000000-7fd6f0021000 rw-p 00000000 00:00 0 
7fd6f0021000-7fd6f4000000 ---p 00000000 00:00 0 
7fd6f4000000-7fd6f4021000 rw-p 00000000 00:00 0 
7fd6f4021000-7fd6f8000000 ---p 00000000 00:00 0 
7fd6f809d000-7fd6f80ce000 rw-p 00000000 00:00 0 
7fd6f80ce000-7fd6f80d1000 ---p 00000000 00:00 0 
7fd6f80d1000-7fd6f81cf000 rw-p 00000000 00:00 0                          [stack:31276]
7fd6f81cf000-7fd6f81d0000 ---p 00000000 00:00 0 
7fd6f81d0000-7fd6f9ef3000 rw-p 00000000 00:00 0                          [stack:31275]
7fd6f9ef3000-7fd6fa0c1000 r--s 043c8000 fd:00 3024434                    /usr/lib/jvm/java-1.8.0-openjdk-1.8.0.111-1.b15.el7_2.x86_64/jre/lib/rt.jar
7fd6fa0c1000-7fd6fa677000 rw-p 00000000 00:00 0 
7fd6fa677000-7fd6fa937000 ---p 00000000 00:00 0 
7fd6fa937000-7fd6fb0fc000 rw-p 00000000 00:00 0 
7fd6fb0fc000-7fd6fb0fd000 ---p 00000000 00:00 0 
7fd6fb0fd000-7fd6fb1fd000 rw-p 00000000 00:00 0                          [stack:31274]
7fd6fb1fd000-7fd6fb1fe000 ---p 00000000 00:00 0 
7fd6fb1fe000-7fd6fb2fe000 rw-p 00000000 00:00 0                          [stack:31273]
7fd6fb2fe000-7fd6fb2ff000 ---p 00000000 00:00 0 
7fd6fb2ff000-7fd6fb3ff000 rw-p 00000000 00:00 0                          [stack:31272]
7fd6fb3ff000-7fd6fb400000 ---p 00000000 00:00 0 
7fd6fb400000-7fd6fb500000 rw-p 00000000 00:00 0                          [stack:31271]
7fd6fb500000-7fd6fb501000 ---p 00000000 00:00 0 
7fd6fb501000-7fd6fb601000 rw-p 00000000 00:00 0                          [stack:31270]
7fd6fb601000-7fd6fb602000 ---p 00000000 00:00 0 
7fd6fb602000-7fd6fb702000 rw-p 00000000 00:00 0                          [stack:31269]
7fd6fb702000-7fd6fb703000 ---p 00000000 00:00 0 
7fd6fb703000-7fd6fb803000 rw-p 00000000 00:00 0                          [stack:31268]
7fd6fb803000-7fd6fb804000 ---p 00000000 00:00 0 
7fd6fb804000-7fd6fb958000 rw-p 00000000 00:00 0                          [stack:31267]
7fd6fb958000-7fd6fbe32000 ---p 00000000 00:00 0 
7fd6fbe32000-7fd6fbe86000 rw-p 00000000 00:00 0 
7fd6fbe86000-7fd6fc360000 ---p 00000000 00:00 0 
7fd6fc360000-7fd6fc38a000 rw-p 00000000 00:00 0 
7fd6fc38a000-7fd6fc5f7000 ---p 00000000 00:00 0 
7fd6fc5f7000-7fd6fc602000 rw-p 00000000 00:00 0 
7fd6fc602000-7fd6fc9b8000 ---p 00000000 00:00 0 
7fd6fc9b8000-7fd6fcc28000 rwxp 00000000 00:00 0 
7fd6fcc28000-7fd70b9b8000 ---p 00000000 00:00 0 
7fd70b9b8000-7fd70b9c0000 r-xp 00000000 fd:00 3024395                    /usr/lib/jvm/java-1.8.0-openjdk-1.8.0.111-1.b15.el7_2.x86_64/jre/lib/amd64/libzip.so
7fd70b9c0000-7fd70bbbf000 ---p 00008000 fd:00 3024395                    /usr/lib/jvm/java-1.8.0-openjdk-1.8.0.111-1.b15.el7_2.x86_64/jre/lib/amd64/libzip.so
7fd70bbbf000-7fd70bbc0000 r--p 00007000 fd:00 3024395                    /usr/lib/jvm/java-1.8.0-openjdk-1.8.0.111-1.b15.el7_2.x86_64/jre/lib/amd64/libzip.so
7fd70bbc0000-7fd70bbc1000 rw-p 00008000 fd:00 3024395                    /usr/lib/jvm/java-1.8.0-openjdk-1.8.0.111-1.b15.el7_2.x86_64/jre/lib/amd64/libzip.so
7fd70bbc1000-7fd70bbee000 r-xp 00000000 fd:00 3024378                    /usr/lib/jvm/java-1.8.0-openjdk-1.8.0.111-1.b15.el7_2.x86_64/jre/lib/amd64/libjava.so
7fd70bbee000-7fd70bdee000 ---p 0002d000 fd:00 3024378                    /usr/lib/jvm/java-1.8.0-openjdk-1.8.0.111-1.b15.el7_2.x86_64/jre/lib/amd64/libjava.so
7fd70bdee000-7fd70bdef000 r--p 0002d000 fd:00 3024378                    /usr/lib/jvm/java-1.8.0-openjdk-1.8.0.111-1.b15.el7_2.x86_64/jre/lib/amd64/libjava.so
7fd70bdef000-7fd70bdf1000 rw-p 0002e000 fd:00 3024378                    /usr/lib/jvm/java-1.8.0-openjdk-1.8.0.111-1.b15.el7_2.x86_64/jre/lib/amd64/libjava.so
7fd70bdf1000-7fd70bdfe000 r-xp 00000000 fd:00 3024394                    /usr/lib/jvm/java-1.8.0-openjdk-1.8.0.111-1.b15.el7_2.x86_64/jre/lib/amd64/libverify.so
7fd70bdfe000-7fd70bffd000 ---p 0000d000 fd:00 3024394                    /usr/lib/jvm/java-1.8.0-openjdk-1.8.0.111-1.b15.el7_2.x86_64/jre/lib/amd64/libverify.so
7fd70bffd000-7fd70bfff000 r--p 0000c000 fd:00 3024394                    /usr/lib/jvm/java-1.8.0-openjdk-1.8.0.111-1.b15.el7_2.x86_64/jre/lib/amd64/libverify.so
7fd70bfff000-7fd70c000000 rw-p 0000e000 fd:00 3024394                    /usr/lib/jvm/java-1.8.0-openjdk-1.8.0.111-1.b15.el7_2.x86_64/jre/lib/amd64/libverify.so
7fd70c000000-7fd70c10f000 rw-p 00000000 00:00 0 
7fd70c10f000-7fd710000000 ---p 00000000 00:00 0 
7fd71001f000-7fd7100c7000 rw-p 00000000 00:00 0 
7fd7100c7000-7fd7100ce000 r-xp 00000000 fd:00 2361094                    /usr/lib64/librt-2.17.so
7fd7100ce000-7fd7102cd000 ---p 00007000 fd:00 2361094                    /usr/lib64/librt-2.17.so
7fd7102cd000-7fd7102ce000 r--p 00006000 fd:00 2361094                    /usr/lib64/librt-2.17.so
7fd7102ce000-7fd7102cf000 rw-p 00007000 fd:00 2361094                    /usr/lib64/librt-2.17.so
7fd7102cf000-7fd7102e4000 r-xp 00000000 fd:00 2359315                    /usr/lib64/libgcc_s-4.8.5-20150702.so.1
7fd7102e4000-7fd7104e3000 ---p 00015000 fd:00 2359315                    /usr/lib64/libgcc_s-4.8.5-20150702.so.1
7fd7104e3000-7fd7104e4000 r--p 00014000 fd:00 2359315                    /usr/lib64/libgcc_s-4.8.5-20150702.so.1
7fd7104e4000-7fd7104e5000 rw-p 00015000 fd:00 2359315                    /usr/lib64/libgcc_s-4.8.5-20150702.so.1
7fd7104e5000-7fd7105e6000 r-xp 00000000 fd:00 2361072                    /usr/lib64/libm-2.17.so
7fd7105e6000-7fd7107e5000 ---p 00101000 fd:00 2361072                    /usr/lib64/libm-2.17.so
7fd7107e5000-7fd7107e6000 r--p 00100000 fd:00 2361072                    /usr/lib64/libm-2.17.so
7fd7107e6000-7fd7107e7000 rw-p 00101000 fd:00 2361072                    /usr/lib64/libm-2.17.so
7fd7107e7000-7fd7108d0000 r-xp 00000000 fd:00 2361111                    /usr/lib64/libstdc++.so.6.0.19
7fd7108d0000-7fd710ad0000 ---p 000e9000 fd:00 2361111                    /usr/lib64/libstdc++.so.6.0.19
7fd710ad0000-7fd710ad8000 r--p 000e9000 fd:00 2361111                    /usr/lib64/libstdc++.so.6.0.19
7fd710ad8000-7fd710ada000 rw-p 000f1000 fd:00 2361111                    /usr/lib64/libstdc++.so.6.0.19
7fd710ada000-7fd710aef000 rw-p 00000000 00:00 0 
7fd710aef000-7fd7116ff000 r-xp 00000000 fd:00 3024399                    /usr/lib/jvm/java-1.8.0-openjdk-1.8.0.111-1.b15.el7_2.x86_64/jre/lib/amd64/server/libjvm.so
7fd7116ff000-7fd7118fe000 ---p 00c10000 fd:00 3024399                    /usr/lib/jvm/java-1.8.0-openjdk-1.8.0.111-1.b15.el7_2.x86_64/jre/lib/amd64/server/libjvm.so
7fd7118fe000-7fd71199d000 r--p 00c0f000 fd:00 3024399                    /usr/lib/jvm/java-1.8.0-openjdk-1.8.0.111-1.b15.el7_2.x86_64/jre/lib/amd64/server/libjvm.so
7fd71199d000-7fd7119c6000 rw-p 00cae000 fd:00 3024399                    /usr/lib/jvm/java-1.8.0-openjdk-1.8.0.111-1.b15.el7_2.x86_64/jre/lib/amd64/server/libjvm.so
7fd7119c6000-7fd7119f8000 rw-p 00000000 00:00 0 
7fd7119f8000-7fd711baf000 r-xp 00000000 fd:00 2361064                    /usr/lib64/libc-2.17.so
7fd711baf000-7fd711daf000 ---p 001b7000 fd:00 2361064                    /usr/lib64/libc-2.17.so
7fd711daf000-7fd711db3000 r--p 001b7000 fd:00 2361064                    /usr/lib64/libc-2.17.so
7fd711db3000-7fd711db5000 rw-p 001bb000 fd:00 2361064                    /usr/lib64/libc-2.17.so
7fd711db5000-7fd711dba000 rw-p 00000000 00:00 0 
7fd711dba000-7fd711dbd000 r-xp 00000000 fd:00 2361070                    /usr/lib64/libdl-2.17.so
7fd711dbd000-7fd711fbc000 ---p 00003000 fd:00 2361070                    /usr/lib64/libdl-2.17.so
7fd711fbc000-7fd711fbd000 r--p 00002000 fd:00 2361070                    /usr/lib64/libdl-2.17.so
7fd711fbd000-7fd711fbe000 rw-p 00003000 fd:00 2361070                    /usr/lib64/libdl-2.17.so
7fd711fbe000-7fd711fcc000 r-xp 00000000 fd:00 3024365                    /usr/lib/jvm/java-1.8.0-openjdk-1.8.0.111-1.b15.el7_2.x86_64/jre/lib/amd64/jli/libjli.so
7fd711fcc000-7fd7121cb000 ---p 0000e000 fd:00 3024365                    /usr/lib/jvm/java-1.8.0-openjdk-1.8.0.111-1.b15.el7_2.x86_64/jre/lib/amd64/jli/libjli.so
7fd7121cb000-7fd7121cc000 r--p 0000d000 fd:00 3024365                    /usr/lib/jvm/java-1.8.0-openjdk-1.8.0.111-1.b15.el7_2.x86_64/jre/lib/amd64/jli/libjli.so
7fd7121cc000-7fd7121cd000 rw-p 0000e000 fd:00 3024365                    /usr/lib/jvm/java-1.8.0-openjdk-1.8.0.111-1.b15.el7_2.x86_64/jre/lib/amd64/jli/libjli.so
7fd7121cd000-7fd7121e2000 r-xp 00000000 fd:00 2361238                    /usr/lib64/libz.so.1.2.7
7fd7121e2000-7fd7123e1000 ---p 00015000 fd:00 2361238                    /usr/lib64/libz.so.1.2.7
7fd7123e1000-7fd7123e2000 r--p 00014000 fd:00 2361238                    /usr/lib64/libz.so.1.2.7
7fd7123e2000-7fd7123e3000 rw-p 00015000 fd:00 2361238                    /usr/lib64/libz.so.1.2.7
7fd7123e3000-7fd7123f9000 r-xp 00000000 fd:00 2361090                    /usr/lib64/libpthread-2.17.so
7fd7123f9000-7fd7125f9000 ---p 00016000 fd:00 2361090                    /usr/lib64/libpthread-2.17.so
7fd7125f9000-7fd7125fa000 r--p 00016000 fd:00 2361090                    /usr/lib64/libpthread-2.17.so
7fd7125fa000-7fd7125fb000 rw-p 00017000 fd:00 2361090                    /usr/lib64/libpthread-2.17.so
7fd7125fb000-7fd7125ff000 rw-p 00000000 00:00 0 
7fd7125ff000-7fd712620000 r-xp 00000000 fd:00 2375046                    /usr/lib64/ld-2.17.so
7fd712633000-7fd7126cb000 rw-p 00000000 00:00 0 
7fd7126cb000-7fd712700000 r--s 00000000 fd:00 3150916                    /var/db/nscd/passwd
7fd712700000-7fd712703000 ---p 00000000 00:00 0 
7fd712703000-7fd712807000 rw-p 00000000 00:00 0                          [stack:31266]
7fd712807000-7fd712808000 rw-p 00000000 00:00 0 
7fd712808000-7fd71280b000 r--s 00018000 fd:00 3024421                    /usr/lib/jvm/java-1.8.0-openjdk-1.8.0.111-1.b15.el7_2.x86_64/jre/lib/jce.jar
7fd71280b000-7fd712811000 r--s 00043000 fd:00 3024309                    /usr/lib/jvm/java-1.8.0-openjdk-1.8.0.111-1.b15.el7_2.x86_64/jre/lib/ext/sunjce_provider.jar
7fd712811000-7fd712815000 r--s 000b0000 fd:00 3024423                    /usr/lib/jvm/java-1.8.0-openjdk-1.8.0.111-1.b15.el7_2.x86_64/jre/lib/jsse.jar
7fd712815000-7fd71281d000 rw-s 00000000 fd:00 10489605                   /tmp/hsperfdata_kwong4/31265
7fd71281d000-7fd71281e000 rw-p 00000000 00:00 0 
7fd71281e000-7fd71281f000 r--p 00000000 00:00 0 
7fd71281f000-7fd712820000 rw-p 00000000 00:00 0 
7fd712820000-7fd712821000 r--p 00021000 fd:00 2375046                    /usr/lib64/ld-2.17.so
7fd712821000-7fd712822000 rw-p 00022000 fd:00 2375046                    /usr/lib64/ld-2.17.so
7fd712822000-7fd712823000 rw-p 00000000 00:00 0 
7ffcd5ce4000-7ffcd5d05000 rw-p 00000000 00:00 0                          [stack]
7ffcd5dba000-7ffcd5dbc000 r-xp 00000000 00:00 0                          [vdso]
ffffffffff600000-ffffffffff601000 r-xp 00000000 00:00 0                  [vsyscall]

VM Arguments:
java_command: Server
java_class_path (initial): :/opt/ECE_325/JUnit/junit-4.12/junit-4.12.jar:/opt/ECE_325/JUnit/junit-4.12/hamcrest-core-1.3.jar
Launcher Type: SUN_STANDARD

Environment Variables:
JAVA_HOME=/usr/lib/jvm/java
CLASSPATH=:/opt/ECE_325/JUnit/junit-4.12/junit-4.12.jar:/opt/ECE_325/JUnit/junit-4.12/hamcrest-core-1.3.jar
PATH=/usr/local/rvm/gems/ruby-2.2.4/bin:/usr/local/rvm/gems/ruby-2.2.4@global/bin:/usr/local/rvm/rubies/ruby-2.2.4/bin:/usr/lib64/qt-3.3/bin:/usr/lib64/mpich/bin:/usr/local/bin:/usr/local/sbin:/usr/bin:/usr/sbin:/bin:/sbin:/opt/androidstudio/android-studio/bin:/opt/ECE_325/Cobertura/cobertura-2.1.1:/opt/eclipse/neon/:/opt/ECE_325/FindBugs/findbugs-3.0.1/bin:/opt/intellij_idea/bin:/opt/rubymine/bin:/usr/local/rvm/bin:/opt/scala/bin:/opt/spark/bin:/opt/webstorm/bin:/afs/ualberta.ca/home/k/w/kwong4/bin/android-studio/bin:/afs/ualberta.ca/home/k/w/kwong4/bin/android-sdk-linux/tools
USERNAME=kwong4
LD_LIBRARY_PATH=/usr/lib64/mpich/lib:.:.:.
SHELL=/bin/bash
DISPLAY=:0

Signal Handlers:
SIGSEGV: [libjvm.so+0xa137f0], sa_mask[0]=11111111011111111101111111111110, sa_flags=SA_RESTART|SA_SIGINFO
SIGBUS: [libjvm.so+0xa137f0], sa_mask[0]=11111111011111111101111111111110, sa_flags=SA_RESTART|SA_SIGINFO
SIGFPE: [libjvm.so+0x86f510], sa_mask[0]=11111111011111111101111111111110, sa_flags=SA_RESTART|SA_SIGINFO
SIGPIPE: [libjvm.so+0x86f510], sa_mask[0]=11111111011111111101111111111110, sa_flags=SA_RESTART|SA_SIGINFO
SIGXFSZ: [libjvm.so+0x86f510], sa_mask[0]=11111111011111111101111111111110, sa_flags=SA_RESTART|SA_SIGINFO
SIGILL: [libjvm.so+0x86f510], sa_mask[0]=11111111011111111101111111111110, sa_flags=SA_RESTART|SA_SIGINFO
SIGUSR1: SIG_DFL, sa_mask[0]=00000000000000000000000000000000, sa_flags=none
SIGUSR2: [libjvm.so+0x86f3c0], sa_mask[0]=00000000000000000000000000000000, sa_flags=SA_RESTART|SA_SIGINFO
SIGHUP: [libjvm.so+0x86f5d0], sa_mask[0]=11111111011111111101111111111110, sa_flags=SA_RESTART|SA_SIGINFO
SIGINT: [libjvm.so+0x86f5d0], sa_mask[0]=11111111011111111101111111111110, sa_flags=SA_RESTART|SA_SIGINFO
SIGTERM: [libjvm.so+0x86f5d0], sa_mask[0]=11111111011111111101111111111110, sa_flags=SA_RESTART|SA_SIGINFO
SIGQUIT: [libjvm.so+0x86f5d0], sa_mask[0]=11111111011111111101111111111110, sa_flags=SA_RESTART|SA_SIGINFO


---------------  S Y S T E M  ---------------

OS:CentOS Linux release 7.2.1511 (Core) 

uname:Linux 3.10.0-327.22.2.el7.x86_64 #1 SMP Thu Jun 23 17:05:11 UTC 2016 x86_64
libc:glibc 2.17 NPTL 2.17 
rlimit: STACK 8192k, CORE 0k, NPROC 4096, NOFILE 4096, AS infinity
load average:0.70 0.56 0.73

/proc/meminfo:
MemTotal:       16291080 kB
MemFree:         8652468 kB
MemAvailable:   14549892 kB
Buffers:         1156888 kB
Cached:          4498056 kB
SwapCached:            0 kB
Active:          5499848 kB
Inactive:        1308332 kB
Active(anon):    1174944 kB
Inactive(anon):    46384 kB
Active(file):    4324904 kB
Inactive(file):  1261948 kB
Unevictable:          16 kB
Mlocked:              16 kB
SwapTotal:      24577020 kB
SwapFree:       24577020 kB
Dirty:               152 kB
Writeback:             0 kB
AnonPages:       1147756 kB
Mapped:           227140 kB
Shmem:             68104 kB
Slab:             642928 kB
SReclaimable:     563988 kB
SUnreclaim:        78940 kB
KernelStack:        9344 kB
PageTables:        29232 kB
NFS_Unstable:          0 kB
Bounce:                0 kB
WritebackTmp:          0 kB
CommitLimit:    32722560 kB
Committed_AS:    4826836 kB
VmallocTotal:   34359738367 kB
VmallocUsed:      107380 kB
VmallocChunk:   34359614640 kB
HardwareCorrupted:     0 kB
AnonHugePages:    458752 kB
HugePages_Total:       0
HugePages_Free:        0
HugePages_Rsvd:        0
HugePages_Surp:        0
Hugepagesize:       2048 kB
DirectMap4k:      124236 kB
DirectMap2M:     4976640 kB
DirectMap1G:    11534336 kB


CPU:total 8 (4 cores per cpu, 2 threads per core) family 6 model 94 stepping 3, cmov, cx8, fxsr, mmx, sse, sse2, sse3, ssse3, sse4.1, sse4.2, popcnt, avx, avx2, aes, clmul, erms, rtm, 3dnowpref, lzcnt, ht, tsc, tscinvbit, bmi1, bmi2, adx

/proc/cpuinfo:
processor	: 0
vendor_id	: GenuineIntel
cpu family	: 6
model		: 94
model name	: Intel(R) Core(TM) i7-6700 CPU @ 3.40GHz
stepping	: 3
microcode	: 0x74
cpu MHz		: 3759.656
cache size	: 8192 KB
physical id	: 0
siblings	: 8
core id		: 0
cpu cores	: 4
apicid		: 0
initial apicid	: 0
fpu		: yes
fpu_exception	: yes
cpuid level	: 22
wp		: yes
flags		: fpu vme de pse tsc msr pae mce cx8 apic sep mtrr pge mca cmov pat pse36 clflush dts acpi mmx fxsr sse sse2 ss ht tm pbe syscall nx pdpe1gb rdtscp lm constant_tsc arch_perfmon pebs bts rep_good nopl xtopology nonstop_tsc aperfmperf eagerfpu pni pclmulqdq dtes64 monitor ds_cpl vmx smx est tm2 ssse3 fma cx16 xtpr pdcm pcid sse4_1 sse4_2 x2apic movbe popcnt tsc_deadline_timer aes xsave avx f16c rdrand lahf_lm abm 3dnowprefetch ida arat epb pln pts dtherm hwp hwp_noitfy hwp_act_window hwp_epp tpr_shadow vnmi flexpriority ept vpid fsgsbase tsc_adjust bmi1 hle avx2 smep bmi2 erms invpcid rtm mpx rdseed adx smap clflushopt xsaveopt xsavec xgetbv1 xsaves
bogomips	: 6816.07
clflush size	: 64
cache_alignment	: 64
address sizes	: 39 bits physical, 48 bits virtual
power management:

processor	: 1
vendor_id	: GenuineIntel
cpu family	: 6
model		: 94
model name	: Intel(R) Core(TM) i7-6700 CPU @ 3.40GHz
stepping	: 3
microcode	: 0x74
cpu MHz		: 3746.507
cache size	: 8192 KB
physical id	: 0
siblings	: 8
core id		: 1
cpu cores	: 4
apicid		: 2
initial apicid	: 2
fpu		: yes
fpu_exception	: yes
cpuid level	: 22
wp		: yes
flags		: fpu vme de pse tsc msr pae mce cx8 apic sep mtrr pge mca cmov pat pse36 clflush dts acpi mmx fxsr sse sse2 ss ht tm pbe syscall nx pdpe1gb rdtscp lm constant_tsc arch_perfmon pebs bts rep_good nopl xtopology nonstop_tsc aperfmperf eagerfpu pni pclmulqdq dtes64 monitor ds_cpl vmx smx est tm2 ssse3 fma cx16 xtpr pdcm pcid sse4_1 sse4_2 x2apic movbe popcnt tsc_deadline_timer aes xsave avx f16c rdrand lahf_lm abm 3dnowprefetch ida arat epb pln pts dtherm hwp hwp_noitfy hwp_act_window hwp_epp tpr_shadow vnmi flexpriority ept vpid fsgsbase tsc_adjust bmi1 hle avx2 smep bmi2 erms invpcid rtm mpx rdseed adx smap clflushopt xsaveopt xsavec xgetbv1 xsaves
bogomips	: 6816.07
clflush size	: 64
cache_alignment	: 64
address sizes	: 39 bits physical, 48 bits virtual
power management:

processor	: 2
vendor_id	: GenuineIntel
cpu family	: 6
model		: 94
model name	: Intel(R) Core(TM) i7-6700 CPU @ 3.40GHz
stepping	: 3
microcode	: 0x74
cpu MHz		: 3730.703
cache size	: 8192 KB
physical id	: 0
siblings	: 8
core id		: 2
cpu cores	: 4
apicid		: 4
initial apicid	: 4
fpu		: yes
fpu_exception	: yes
cpuid level	: 22
wp		: yes
flags		: fpu vme de pse tsc msr pae mce cx8 apic sep mtrr pge mca cmov pat pse36 clflush dts acpi mmx fxsr sse sse2 ss ht tm pbe syscall nx pdpe1gb rdtscp lm constant_tsc arch_perfmon pebs bts rep_good nopl xtopology nonstop_tsc aperfmperf eagerfpu pni pclmulqdq dtes64 monitor ds_cpl vmx smx est tm2 ssse3 fma cx16 xtpr pdcm pcid sse4_1 sse4_2 x2apic movbe popcnt tsc_deadline_timer aes xsave avx f16c rdrand lahf_lm abm 3dnowprefetch ida arat epb pln pts dtherm hwp hwp_noitfy hwp_act_window hwp_epp tpr_shadow vnmi flexpriority ept vpid fsgsbase tsc_adjust bmi1 hle avx2 smep bmi2 erms invpcid rtm mpx rdseed adx smap clflushopt xsaveopt xsavec xgetbv1 xsaves
bogomips	: 6816.07
clflush size	: 64
cache_alignment	: 64
address sizes	: 39 bits physical, 48 bits virtual
power management:

processor	: 3
vendor_id	: GenuineIntel
cpu family	: 6
model		: 94
model name	: Intel(R) Core(TM) i7-6700 CPU @ 3.40GHz
stepping	: 3
microcode	: 0x74
cpu MHz		: 3733.757
cache size	: 8192 KB
physical id	: 0
siblings	: 8
core id		: 3
cpu cores	: 4
apicid		: 6
initial apicid	: 6
fpu		: yes
fpu_exception	: yes
cpuid level	: 22
wp		: yes
flags		: fpu vme de pse tsc msr pae mce cx8 apic sep mtrr pge mca cmov pat pse36 clflush dts acpi mmx fxsr sse sse2 ss ht tm pbe syscall nx pdpe1gb rdtscp lm constant_tsc arch_perfmon pebs bts rep_good nopl xtopology nonstop_tsc aperfmperf eagerfpu pni pclmulqdq dtes64 monitor ds_cpl vmx smx est tm2 ssse3 fma cx16 xtpr pdcm pcid sse4_1 sse4_2 x2apic movbe popcnt tsc_deadline_timer aes xsave avx f16c rdrand lahf_lm abm 3dnowprefetch ida arat epb pln pts dtherm hwp hwp_noitfy hwp_act_window hwp_epp tpr_shadow vnmi flexpriority ept vpid fsgsbase tsc_adjust bmi1 hle avx2 smep bmi2 erms invpcid rtm mpx rdseed adx smap clflushopt xsaveopt xsavec xgetbv1 xsaves
bogomips	: 6816.07
clflush size	: 64
cache_alignment	: 64
address sizes	: 39 bits physical, 48 bits virtual
power management:

processor	: 4
vendor_id	: GenuineIntel
cpu family	: 6
model		: 94
model name	: Intel(R) Core(TM) i7-6700 CPU @ 3.40GHz
stepping	: 3
microcode	: 0x74
cpu MHz		: 3763.640
cache size	: 8192 KB
physical id	: 0
siblings	: 8
core id		: 0
cpu cores	: 4
apicid		: 1
initial apicid	: 1
fpu		: yes
fpu_exception	: yes
cpuid level	: 22
wp		: yes
flags		: fpu vme de pse tsc msr pae mce cx8 apic sep mtrr pge mca cmov pat pse36 clflush dts acpi mmx fxsr sse sse2 ss ht tm pbe syscall nx pdpe1gb rdtscp lm constant_tsc arch_perfmon pebs bts rep_good nopl xtopology nonstop_tsc aperfmperf eagerfpu pni pclmulqdq dtes64 monitor ds_cpl vmx smx est tm2 ssse3 fma cx16 xtpr pdcm pcid sse4_1 sse4_2 x2apic movbe popcnt tsc_deadline_timer aes xsave avx f16c rdrand lahf_lm abm 3dnowprefetch ida arat epb pln pts dtherm hwp hwp_noitfy hwp_act_window hwp_epp tpr_shadow vnmi flexpriority ept vpid fsgsbase tsc_adjust bmi1 hle avx2 smep bmi2 erms invpcid rtm mpx rdseed adx smap clflushopt xsaveopt xsavec xgetbv1 xsaves
bogomips	: 6816.07
clflush size	: 64
cache_alignment	: 64
address sizes	: 39 bits physical, 48 bits virtual
power management:

processor	: 5
vendor_id	: GenuineIntel
cpu family	: 6
model		: 94
model name	: Intel(R) Core(TM) i7-6700 CPU @ 3.40GHz
stepping	: 3
microcode	: 0x74
cpu MHz		: 3706.265
cache size	: 8192 KB
physical id	: 0
siblings	: 8
core id		: 1
cpu cores	: 4
apicid		: 3
initial apicid	: 3
fpu		: yes
fpu_exception	: yes
cpuid level	: 22
wp		: yes
flags		: fpu vme de pse tsc msr pae mce cx8 apic sep mtrr pge mca cmov pat pse36 clflush dts acpi mmx fxsr sse sse2 ss ht tm pbe syscall nx pdpe1gb rdtscp lm constant_tsc arch_perfmon pebs bts rep_good nopl xtopology nonstop_tsc aperfmperf eagerfpu pni pclmulqdq dtes64 monitor ds_cpl vmx smx est tm2 ssse3 fma cx16 xtpr pdcm pcid sse4_1 sse4_2 x2apic movbe popcnt tsc_deadline_timer aes xsave avx f16c rdrand lahf_lm abm 3dnowprefetch ida arat epb pln pts dtherm hwp hwp_noitfy hwp_act_window hwp_epp tpr_shadow vnmi flexpriority ept vpid fsgsbase tsc_adjust bmi1 hle avx2 smep bmi2 erms invpcid rtm mpx rdseed adx smap clflushopt xsaveopt xsavec xgetbv1 xsaves
bogomips	: 6816.07
clflush size	: 64
cache_alignment	: 64
address sizes	: 39 bits physical, 48 bits virtual
power management:

processor	: 6
vendor_id	: GenuineIntel
cpu family	: 6
model		: 94
model name	: Intel(R) Core(TM) i7-6700 CPU @ 3.40GHz
stepping	: 3
microcode	: 0x74
cpu MHz		: 3703.343
cache size	: 8192 KB
physical id	: 0
siblings	: 8
core id		: 2
cpu cores	: 4
apicid		: 5
initial apicid	: 5
fpu		: yes
fpu_exception	: yes
cpuid level	: 22
wp		: yes
flags		: fpu vme de pse tsc msr pae mce cx8 apic sep mtrr pge mca cmov pat pse36 clflush dts acpi mmx fxsr sse sse2 ss ht tm pbe syscall nx pdpe1gb rdtscp lm constant_tsc arch_perfmon pebs bts rep_good nopl xtopology nonstop_tsc aperfmperf eagerfpu pni pclmulqdq dtes64 monitor ds_cpl vmx smx est tm2 ssse3 fma cx16 xtpr pdcm pcid sse4_1 sse4_2 x2apic movbe popcnt tsc_deadline_timer aes xsave avx f16c rdrand lahf_lm abm 3dnowprefetch ida arat epb pln pts dtherm hwp hwp_noitfy hwp_act_window hwp_epp tpr_shadow vnmi flexpriority ept vpid fsgsbase tsc_adjust bmi1 hle avx2 smep bmi2 erms invpcid rtm mpx rdseed adx smap clflushopt xsaveopt xsavec xgetbv1 xsaves
bogomips	: 6816.07
clflush size	: 64
cache_alignment	: 64
address sizes	: 39 bits physical, 48 bits virtual
power management:

processor	: 7
vendor_id	: GenuineIntel
cpu family	: 6
model		: 94
model name	: Intel(R) Core(TM) i7-6700 CPU @ 3.40GHz
stepping	: 3
microcode	: 0x74
cpu MHz		: 3738.671
cache size	: 8192 KB
physical id	: 0
siblings	: 8
core id		: 3
cpu cores	: 4
apicid		: 7
initial apicid	: 7
fpu		: yes
fpu_exception	: yes
cpuid level	: 22
wp		: yes
flags		: fpu vme de pse tsc msr pae mce cx8 apic sep mtrr pge mca cmov pat pse36 clflush dts acpi mmx fxsr sse sse2 ss ht tm pbe syscall nx pdpe1gb rdtscp lm constant_tsc arch_perfmon pebs bts rep_good nopl xtopology nonstop_tsc aperfmperf eagerfpu pni pclmulqdq dtes64 monitor ds_cpl vmx smx est tm2 ssse3 fma cx16 xtpr pdcm pcid sse4_1 sse4_2 x2apic movbe popcnt tsc_deadline_timer aes xsave avx f16c rdrand lahf_lm abm 3dnowprefetch ida arat epb pln pts dtherm hwp hwp_noitfy hwp_act_window hwp_epp tpr_shadow vnmi flexpriority ept vpid fsgsbase tsc_adjust bmi1 hle avx2 smep bmi2 erms invpcid rtm mpx rdseed adx smap clflushopt xsaveopt xsavec xgetbv1 xsaves
bogomips	: 6816.07
clflush size	: 64
cache_alignment	: 64
address sizes	: 39 bits physical, 48 bits virtual
power management:



Memory: 4k page, physical 16291080k(8652208k free), swap 24577020k(24577020k free)

vm_info: OpenJDK 64-Bit Server VM (25.111-b15) for linux-amd64 JRE (1.8.0_111-b15), built on Oct 19 2016 15:38:36 by "mockbuild" with gcc 4.8.5 20150623 (Red Hat 4.8.5-4)

time: Tue Apr 11 17:39:10 2017
elapsed time: 3 seconds (0d 0h 0m 3s)

